44.0 APEX_CODE,FINEST;APEX_PROFILING,INFO;CALLOUT,INFO;DB,INFO;NBA,INFO;SYSTEM,DEBUG;VALIDATION,INFO;VISUALFORCE,INFO;WAVE,INFO;WORKFLOW,INFO
17:11:03.0 (91922)|USER_INFO|[EXTERNAL]|0051U000000bEX2|lmoraes1@altimetrik.com|Hora de Argentina|GMT-03:00
17:11:03.0 (127845)|EXECUTION_STARTED
17:11:03.0 (132844)|CODE_UNIT_STARTED|[EXTERNAL]|Aura
17:11:03.0 (1022237)|CODE_UNIT_STARTED|[EXTERNAL]|01p1U000008bBod|TimesheetController.getAllTimesheets()
17:11:03.0 (1190274)|HEAP_ALLOCATE|[72]|Bytes:3
17:11:03.0 (1246272)|HEAP_ALLOCATE|[77]|Bytes:152
17:11:03.0 (1259591)|HEAP_ALLOCATE|[342]|Bytes:408
17:11:03.0 (1271532)|HEAP_ALLOCATE|[355]|Bytes:408
17:11:03.0 (1282140)|HEAP_ALLOCATE|[467]|Bytes:48
17:11:03.0 (1308261)|HEAP_ALLOCATE|[139]|Bytes:6
17:11:03.0 (1369622)|HEAP_ALLOCATE|[EXTERNAL]|Bytes:1
17:11:03.0 (1382350)|METHOD_ENTRY|[1]|01p1U000008bBod|TimesheetController.TimesheetController()
17:11:03.0 (1388720)|STATEMENT_EXECUTE|[1]
17:11:03.0 (1394559)|STATEMENT_EXECUTE|[1]
17:11:03.0 (1424206)|HEAP_ALLOCATE|[50]|Bytes:5
17:11:03.0 (1445764)|HEAP_ALLOCATE|[56]|Bytes:5
17:11:03.0 (1452889)|HEAP_ALLOCATE|[64]|Bytes:7
17:11:03.0 (1468914)|SYSTEM_MODE_ENTER|false
17:11:03.0 (1485007)|HEAP_ALLOCATE|[EXTERNAL]|Bytes:5
17:11:03.0 (1491867)|SYSTEM_MODE_EXIT|false
17:11:03.0 (1511195)|METHOD_EXIT|[1]|TimesheetController
17:11:03.0 (1518561)|SYSTEM_MODE_ENTER|false
17:11:03.0 (1530346)|HEAP_ALLOCATE|[4]|Bytes:5
17:11:03.0 (1535770)|STATEMENT_EXECUTE|[3]
17:11:03.0 (1538181)|STATEMENT_EXECUTE|[4]
17:11:03.0 (1542358)|HEAP_ALLOCATE|[4]|Bytes:189
17:11:03.0 (1564210)|HEAP_ALLOCATE|[4]|Bytes:4
17:11:03.0 (2261543)|SOQL_EXECUTE_BEGIN|[4]|Aggregations:0|SELECT id, Employee__r.LastName, Employee__r.Birthdate, Start_Date__c, End_Date__c, Gross_Pay__c, Total_hours__c, Hour_rate__c, Submitted__c, Taxes__c, Timesheet_Status__c FROM Timesheet__c
17:11:03.0 (10893305)|SOQL_EXECUTE_END|[4]|Rows:8
17:11:03.0 (10925156)|HEAP_ALLOCATE|[4]|Bytes:36
17:11:03.0 (11000388)|HEAP_ALLOCATE|[4]|Bytes:3047
17:11:03.0 (11150292)|HEAP_ALLOCATE|[4]|Bytes:36
17:11:03.0 (11178956)|SYSTEM_MODE_EXIT|false
17:11:03.11 (11203374)|CUMULATIVE_LIMIT_USAGE
17:11:03.11 (11203374)|LIMIT_USAGE_FOR_NS|(default)|
  Number of SOQL queries: 1 out of 100
  Number of query rows: 8 out of 50000
  Number of SOSL queries: 0 out of 20
  Number of DML statements: 0 out of 150
  Number of DML rows: 0 out of 10000
  Maximum CPU time: 0 out of 10000
  Maximum heap size: 0 out of 6000000
  Number of callouts: 0 out of 100
  Number of Email Invocations: 0 out of 10
  Number of future calls: 0 out of 50
  Number of queueable jobs added to the queue: 0 out of 50
  Number of Mobile Apex push calls: 0 out of 10

17:11:03.11 (11203374)|CUMULATIVE_LIMIT_USAGE_END

17:11:03.0 (11233993)|CODE_UNIT_FINISHED|TimesheetController.getAllTimesheets()
17:11:03.0 (11462337)|CODE_UNIT_FINISHED|Aura
17:11:03.0 (12711786)|EXECUTION_FINISHED
