44.0 APEX_CODE,FINEST;APEX_PROFILING,INFO;CALLOUT,INFO;DB,INFO;NBA,INFO;SYSTEM,DEBUG;VALIDATION,INFO;VISUALFORCE,INFO;WAVE,INFO;WORKFLOW,INFO
11:06:40.0 (376452)|USER_INFO|[EXTERNAL]|0051U000000bEX2|lmoraes1@altimetrik.com|Hora de Argentina|GMT-03:00
11:06:40.0 (456994)|EXECUTION_STARTED
11:06:40.0 (463324)|CODE_UNIT_STARTED|[EXTERNAL]|Aura
11:06:40.0 (1696559)|CODE_UNIT_STARTED|[EXTERNAL]|01p1U000008bBod|TimesheetController.getAllTimesheets()
11:06:40.0 (1883453)|HEAP_ALLOCATE|[72]|Bytes:3
11:06:40.0 (1945544)|HEAP_ALLOCATE|[77]|Bytes:152
11:06:40.0 (1959842)|HEAP_ALLOCATE|[342]|Bytes:408
11:06:40.0 (1971019)|HEAP_ALLOCATE|[355]|Bytes:408
11:06:40.0 (1982205)|HEAP_ALLOCATE|[467]|Bytes:48
11:06:40.0 (2009726)|HEAP_ALLOCATE|[139]|Bytes:6
11:06:40.0 (2071503)|HEAP_ALLOCATE|[EXTERNAL]|Bytes:1
11:06:40.0 (2092777)|METHOD_ENTRY|[1]|01p1U000008bBod|TimesheetController.TimesheetController()
11:06:40.0 (2104021)|STATEMENT_EXECUTE|[1]
11:06:40.0 (2117068)|STATEMENT_EXECUTE|[1]
11:06:40.0 (2149559)|HEAP_ALLOCATE|[50]|Bytes:5
11:06:40.0 (2168725)|HEAP_ALLOCATE|[56]|Bytes:5
11:06:40.0 (2175846)|HEAP_ALLOCATE|[64]|Bytes:7
11:06:40.0 (2194674)|SYSTEM_MODE_ENTER|false
11:06:40.0 (2212801)|HEAP_ALLOCATE|[EXTERNAL]|Bytes:5
11:06:40.0 (2219777)|SYSTEM_MODE_EXIT|false
11:06:40.0 (2231286)|METHOD_EXIT|[1]|TimesheetController
11:06:40.0 (2237852)|SYSTEM_MODE_ENTER|false
11:06:40.0 (2247026)|HEAP_ALLOCATE|[4]|Bytes:5
11:06:40.0 (2251354)|STATEMENT_EXECUTE|[3]
11:06:40.0 (2253416)|STATEMENT_EXECUTE|[4]
11:06:40.0 (2258126)|HEAP_ALLOCATE|[4]|Bytes:141
11:06:40.0 (2277602)|HEAP_ALLOCATE|[4]|Bytes:4
11:06:40.0 (3721928)|SOQL_EXECUTE_BEGIN|[4]|Aggregations:0|SELECT id, Employee__c, Start_Date__c, End_Date__c, Gross_Pay__c, Hour_rate__c, Submitted__c, Taxes__c, Timesheet_Status__c FROM Timesheet__c
11:06:40.0 (10239307)|SOQL_EXECUTE_END|[4]|Rows:8
11:06:40.0 (10267451)|HEAP_ALLOCATE|[4]|Bytes:36
11:06:40.0 (10325863)|HEAP_ALLOCATE|[4]|Bytes:2269
11:06:40.0 (10446585)|HEAP_ALLOCATE|[4]|Bytes:36
11:06:40.0 (10467414)|SYSTEM_MODE_EXIT|false
11:06:40.10 (10508776)|CUMULATIVE_LIMIT_USAGE
11:06:40.10 (10508776)|LIMIT_USAGE_FOR_NS|(default)|
  Number of SOQL queries: 1 out of 100
  Number of query rows: 8 out of 50000
  Number of SOSL queries: 0 out of 20
  Number of DML statements: 0 out of 150
  Number of DML rows: 0 out of 10000
  Maximum CPU time: 0 out of 10000
  Maximum heap size: 0 out of 6000000
  Number of callouts: 0 out of 100
  Number of Email Invocations: 0 out of 10
  Number of future calls: 0 out of 50
  Number of queueable jobs added to the queue: 0 out of 50
  Number of Mobile Apex push calls: 0 out of 10

11:06:40.10 (10508776)|CUMULATIVE_LIMIT_USAGE_END

11:06:40.0 (10559677)|CODE_UNIT_FINISHED|TimesheetController.getAllTimesheets()
11:06:40.0 (10842959)|CODE_UNIT_FINISHED|Aura
11:06:40.0 (11819732)|EXECUTION_FINISHED
