44.0 APEX_CODE,FINEST;APEX_PROFILING,INFO;CALLOUT,INFO;DB,INFO;NBA,INFO;SYSTEM,DEBUG;VALIDATION,INFO;VISUALFORCE,INFO;WAVE,INFO;WORKFLOW,INFO
11:03:44.0 (398084)|USER_INFO|[EXTERNAL]|0051U000000bEX2|lmoraes1@altimetrik.com|Hora de Argentina|GMT-03:00
11:03:44.0 (462497)|EXECUTION_STARTED
11:03:44.0 (471252)|CODE_UNIT_STARTED|[EXTERNAL]|Aura
11:03:44.0 (1780559)|CODE_UNIT_STARTED|[EXTERNAL]|01p1U000008bBod|TimesheetController.getAllTimesheets()
11:03:44.0 (1974536)|HEAP_ALLOCATE|[72]|Bytes:3
11:03:44.0 (2031960)|HEAP_ALLOCATE|[77]|Bytes:152
11:03:44.0 (2046350)|HEAP_ALLOCATE|[342]|Bytes:408
11:03:44.0 (2061428)|HEAP_ALLOCATE|[355]|Bytes:408
11:03:44.0 (2074111)|HEAP_ALLOCATE|[467]|Bytes:48
11:03:44.0 (2113460)|HEAP_ALLOCATE|[139]|Bytes:6
11:03:44.0 (2177322)|HEAP_ALLOCATE|[EXTERNAL]|Bytes:1
11:03:44.0 (2193955)|METHOD_ENTRY|[1]|01p1U000008bBod|TimesheetController.TimesheetController()
11:03:44.0 (2207376)|STATEMENT_EXECUTE|[1]
11:03:44.0 (2216753)|STATEMENT_EXECUTE|[1]
11:03:44.0 (2263711)|HEAP_ALLOCATE|[50]|Bytes:5
11:03:44.0 (2284279)|HEAP_ALLOCATE|[56]|Bytes:5
11:03:44.0 (2293526)|HEAP_ALLOCATE|[64]|Bytes:7
11:03:44.0 (2311671)|SYSTEM_MODE_ENTER|false
11:03:44.0 (2330115)|HEAP_ALLOCATE|[EXTERNAL]|Bytes:5
11:03:44.0 (2336021)|SYSTEM_MODE_EXIT|false
11:03:44.0 (2351008)|METHOD_EXIT|[1]|TimesheetController
11:03:44.0 (2358650)|SYSTEM_MODE_ENTER|false
11:03:44.0 (2368211)|HEAP_ALLOCATE|[4]|Bytes:5
11:03:44.0 (2372786)|STATEMENT_EXECUTE|[3]
11:03:44.0 (2376687)|STATEMENT_EXECUTE|[4]
11:03:44.0 (2381411)|HEAP_ALLOCATE|[4]|Bytes:141
11:03:44.0 (2399832)|HEAP_ALLOCATE|[4]|Bytes:4
11:03:44.0 (4146322)|SOQL_EXECUTE_BEGIN|[4]|Aggregations:0|SELECT id, Employee__c, Start_Date__c, End_Date__c, Gross_Pay__c, Hour_rate__c, Submitted__c, Taxes__c, Timesheet_Status__c FROM Timesheet__c
11:03:44.0 (10975108)|SOQL_EXECUTE_END|[4]|Rows:8
11:03:44.0 (11012764)|HEAP_ALLOCATE|[4]|Bytes:36
11:03:44.0 (11080038)|HEAP_ALLOCATE|[4]|Bytes:2269
11:03:44.0 (11214989)|HEAP_ALLOCATE|[4]|Bytes:36
11:03:44.0 (11244915)|SYSTEM_MODE_EXIT|false
11:03:44.11 (11274726)|CUMULATIVE_LIMIT_USAGE
11:03:44.11 (11274726)|LIMIT_USAGE_FOR_NS|(default)|
  Number of SOQL queries: 1 out of 100
  Number of query rows: 8 out of 50000
  Number of SOSL queries: 0 out of 20
  Number of DML statements: 0 out of 150
  Number of DML rows: 0 out of 10000
  Maximum CPU time: 0 out of 10000
  Maximum heap size: 0 out of 6000000
  Number of callouts: 0 out of 100
  Number of Email Invocations: 0 out of 10
  Number of future calls: 0 out of 50
  Number of queueable jobs added to the queue: 0 out of 50
  Number of Mobile Apex push calls: 0 out of 10

11:03:44.11 (11274726)|CUMULATIVE_LIMIT_USAGE_END

11:03:44.0 (11337447)|CODE_UNIT_FINISHED|TimesheetController.getAllTimesheets()
11:03:44.0 (11582364)|CODE_UNIT_FINISHED|Aura
11:03:44.0 (12706322)|EXECUTION_FINISHED
