44.0 APEX_CODE,FINEST;APEX_PROFILING,INFO;CALLOUT,INFO;DB,INFO;NBA,INFO;SYSTEM,DEBUG;VALIDATION,INFO;VISUALFORCE,INFO;WAVE,INFO;WORKFLOW,INFO
11:39:56.0 (444490)|USER_INFO|[EXTERNAL]|0051U000000bEX2|lmoraes1@altimetrik.com|Hora de Argentina|GMT-03:00
11:39:56.0 (499906)|EXECUTION_STARTED
11:39:56.0 (506856)|CODE_UNIT_STARTED|[EXTERNAL]|Aura
11:39:56.0 (1901511)|CODE_UNIT_STARTED|[EXTERNAL]|01p1U000008bBod|TimesheetController.getAllTimesheets()
11:39:56.0 (2081390)|HEAP_ALLOCATE|[72]|Bytes:3
11:39:56.0 (2143666)|HEAP_ALLOCATE|[77]|Bytes:152
11:39:56.0 (2157584)|HEAP_ALLOCATE|[342]|Bytes:408
11:39:56.0 (2169743)|HEAP_ALLOCATE|[355]|Bytes:408
11:39:56.0 (2180549)|HEAP_ALLOCATE|[467]|Bytes:48
11:39:56.0 (2207943)|HEAP_ALLOCATE|[139]|Bytes:6
11:39:56.0 (2275002)|HEAP_ALLOCATE|[EXTERNAL]|Bytes:1
11:39:56.0 (2290220)|METHOD_ENTRY|[1]|01p1U000008bBod|TimesheetController.TimesheetController()
11:39:56.0 (2299770)|STATEMENT_EXECUTE|[1]
11:39:56.0 (2310506)|STATEMENT_EXECUTE|[1]
11:39:56.0 (2338774)|HEAP_ALLOCATE|[50]|Bytes:5
11:39:56.0 (2360095)|HEAP_ALLOCATE|[56]|Bytes:5
11:39:56.0 (2367013)|HEAP_ALLOCATE|[64]|Bytes:7
11:39:56.0 (2384503)|SYSTEM_MODE_ENTER|false
11:39:56.0 (2405996)|HEAP_ALLOCATE|[EXTERNAL]|Bytes:5
11:39:56.0 (2413202)|SYSTEM_MODE_EXIT|false
11:39:56.0 (2424822)|METHOD_EXIT|[1]|TimesheetController
11:39:56.0 (2431693)|SYSTEM_MODE_ENTER|false
11:39:56.0 (2442196)|HEAP_ALLOCATE|[4]|Bytes:5
11:39:56.0 (2448640)|STATEMENT_EXECUTE|[3]
11:39:56.0 (2452359)|STATEMENT_EXECUTE|[4]
11:39:56.0 (2456776)|HEAP_ALLOCATE|[4]|Bytes:189
11:39:56.0 (2479456)|HEAP_ALLOCATE|[4]|Bytes:4
11:39:56.0 (5110393)|SOQL_EXECUTE_BEGIN|[4]|Aggregations:0|SELECT id, Employee__r.LastName, Employee__r.Birthdate, Start_Date__c, End_Date__c, Gross_Pay__c, Total_hours__c, Hour_rate__c, Submitted__c, Taxes__c, Timesheet_Status__c FROM Timesheet__c
11:39:56.0 (13538055)|SOQL_EXECUTE_END|[4]|Rows:8
11:39:56.0 (13563260)|HEAP_ALLOCATE|[4]|Bytes:36
11:39:56.0 (13634554)|HEAP_ALLOCATE|[4]|Bytes:3047
11:39:56.0 (13755214)|HEAP_ALLOCATE|[4]|Bytes:36
11:39:56.0 (13777852)|SYSTEM_MODE_EXIT|false
11:39:56.13 (13807467)|CUMULATIVE_LIMIT_USAGE
11:39:56.13 (13807467)|LIMIT_USAGE_FOR_NS|(default)|
  Number of SOQL queries: 1 out of 100
  Number of query rows: 8 out of 50000
  Number of SOSL queries: 0 out of 20
  Number of DML statements: 0 out of 150
  Number of DML rows: 0 out of 10000
  Maximum CPU time: 0 out of 10000
  Maximum heap size: 0 out of 6000000
  Number of callouts: 0 out of 100
  Number of Email Invocations: 0 out of 10
  Number of future calls: 0 out of 50
  Number of queueable jobs added to the queue: 0 out of 50
  Number of Mobile Apex push calls: 0 out of 10

11:39:56.13 (13807467)|CUMULATIVE_LIMIT_USAGE_END

11:39:56.0 (13855026)|CODE_UNIT_FINISHED|TimesheetController.getAllTimesheets()
11:39:56.0 (14270658)|CODE_UNIT_FINISHED|Aura
11:39:56.0 (15383264)|EXECUTION_FINISHED
