44.0 APEX_CODE,FINEST;APEX_PROFILING,INFO;CALLOUT,INFO;DB,INFO;NBA,INFO;SYSTEM,DEBUG;VALIDATION,INFO;VISUALFORCE,INFO;WAVE,INFO;WORKFLOW,INFO
11:28:52.0 (150921)|USER_INFO|[EXTERNAL]|0051U000000bEX2|lmoraes1@altimetrik.com|Hora de Argentina|GMT-03:00
11:28:52.0 (227082)|EXECUTION_STARTED
11:28:52.0 (234254)|CODE_UNIT_STARTED|[EXTERNAL]|Aura
11:28:52.0 (1464682)|CODE_UNIT_STARTED|[EXTERNAL]|01p1U000008bBod|TimesheetController.getAllTimesheets()
11:28:52.0 (1653364)|HEAP_ALLOCATE|[72]|Bytes:3
11:28:52.0 (1720482)|HEAP_ALLOCATE|[77]|Bytes:152
11:28:52.0 (1743017)|HEAP_ALLOCATE|[342]|Bytes:408
11:28:52.0 (1762119)|HEAP_ALLOCATE|[355]|Bytes:408
11:28:52.0 (1779342)|HEAP_ALLOCATE|[467]|Bytes:48
11:28:52.0 (1817525)|HEAP_ALLOCATE|[139]|Bytes:6
11:28:52.0 (1898861)|HEAP_ALLOCATE|[EXTERNAL]|Bytes:1
11:28:52.0 (1920825)|METHOD_ENTRY|[1]|01p1U000008bBod|TimesheetController.TimesheetController()
11:28:52.0 (1932167)|STATEMENT_EXECUTE|[1]
11:28:52.0 (1939981)|STATEMENT_EXECUTE|[1]
11:28:52.0 (1971881)|HEAP_ALLOCATE|[50]|Bytes:5
11:28:52.0 (1996293)|HEAP_ALLOCATE|[56]|Bytes:5
11:28:52.0 (2003317)|HEAP_ALLOCATE|[64]|Bytes:7
11:28:52.0 (2026605)|SYSTEM_MODE_ENTER|false
11:28:52.0 (2046421)|HEAP_ALLOCATE|[EXTERNAL]|Bytes:5
11:28:52.0 (2053891)|SYSTEM_MODE_EXIT|false
11:28:52.0 (2067894)|METHOD_EXIT|[1]|TimesheetController
11:28:52.0 (2075448)|SYSTEM_MODE_ENTER|false
11:28:52.0 (2085892)|HEAP_ALLOCATE|[4]|Bytes:5
11:28:52.0 (2091557)|STATEMENT_EXECUTE|[3]
11:28:52.0 (2093975)|STATEMENT_EXECUTE|[4]
11:28:52.0 (2098628)|HEAP_ALLOCATE|[4]|Bytes:189
11:28:52.0 (2122002)|HEAP_ALLOCATE|[4]|Bytes:4
11:28:52.0 (3112209)|SOQL_EXECUTE_BEGIN|[4]|Aggregations:0|SELECT id, Employee__r.LastName, Employee__r.Birthdate, Start_Date__c, End_Date__c, Gross_Pay__c, Total_hours__c, Hour_rate__c, Submitted__c, Taxes__c, Timesheet_Status__c FROM Timesheet__c
11:28:52.0 (12427378)|SOQL_EXECUTE_END|[4]|Rows:8
11:28:52.0 (12464347)|HEAP_ALLOCATE|[4]|Bytes:36
11:28:52.0 (12538930)|HEAP_ALLOCATE|[4]|Bytes:3047
11:28:52.0 (12677525)|HEAP_ALLOCATE|[4]|Bytes:36
11:28:52.0 (12706526)|SYSTEM_MODE_EXIT|false
11:28:52.12 (12740929)|CUMULATIVE_LIMIT_USAGE
11:28:52.12 (12740929)|LIMIT_USAGE_FOR_NS|(default)|
  Number of SOQL queries: 1 out of 100
  Number of query rows: 8 out of 50000
  Number of SOSL queries: 0 out of 20
  Number of DML statements: 0 out of 150
  Number of DML rows: 0 out of 10000
  Maximum CPU time: 0 out of 10000
  Maximum heap size: 0 out of 6000000
  Number of callouts: 0 out of 100
  Number of Email Invocations: 0 out of 10
  Number of future calls: 0 out of 50
  Number of queueable jobs added to the queue: 0 out of 50
  Number of Mobile Apex push calls: 0 out of 10

11:28:52.12 (12740929)|CUMULATIVE_LIMIT_USAGE_END

11:28:52.0 (12795789)|CODE_UNIT_FINISHED|TimesheetController.getAllTimesheets()
11:28:52.0 (13060886)|CODE_UNIT_FINISHED|Aura
11:28:52.0 (14050635)|EXECUTION_FINISHED
