44.0 APEX_CODE,FINEST;APEX_PROFILING,INFO;CALLOUT,INFO;DB,INFO;NBA,INFO;SYSTEM,DEBUG;VALIDATION,INFO;VISUALFORCE,INFO;WAVE,INFO;WORKFLOW,INFO
15:29:33.0 (536588)|USER_INFO|[EXTERNAL]|0051U000000bEX2|lmoraes1@altimetrik.com|Hora de Argentina|GMT-03:00
15:29:33.0 (592089)|EXECUTION_STARTED
15:29:33.0 (598722)|CODE_UNIT_STARTED|[EXTERNAL]|Aura
15:29:33.0 (1853334)|CODE_UNIT_STARTED|[EXTERNAL]|01p1U000008bBod|TimesheetController.getAllTimesheets()
15:29:33.0 (2104667)|HEAP_ALLOCATE|[72]|Bytes:3
15:29:33.0 (2182582)|HEAP_ALLOCATE|[77]|Bytes:152
15:29:33.0 (2196556)|HEAP_ALLOCATE|[342]|Bytes:408
15:29:33.0 (2208130)|HEAP_ALLOCATE|[355]|Bytes:408
15:29:33.0 (2218750)|HEAP_ALLOCATE|[467]|Bytes:48
15:29:33.0 (2248401)|HEAP_ALLOCATE|[139]|Bytes:6
15:29:33.0 (2268701)|HEAP_ALLOCATE|[EXTERNAL]|Bytes:1
15:29:33.0 (2290177)|METHOD_ENTRY|[1]|01p1U000008bBod|TimesheetController.TimesheetController()
15:29:33.0 (2304249)|STATEMENT_EXECUTE|[1]
15:29:33.0 (2318611)|STATEMENT_EXECUTE|[1]
15:29:33.0 (2348534)|HEAP_ALLOCATE|[50]|Bytes:5
15:29:33.0 (2369862)|HEAP_ALLOCATE|[56]|Bytes:5
15:29:33.0 (2376696)|HEAP_ALLOCATE|[64]|Bytes:7
15:29:33.0 (2393073)|SYSTEM_MODE_ENTER|false
15:29:33.0 (2415430)|HEAP_ALLOCATE|[EXTERNAL]|Bytes:5
15:29:33.0 (2423004)|SYSTEM_MODE_EXIT|false
15:29:33.0 (2435956)|METHOD_EXIT|[1]|TimesheetController
15:29:33.0 (2442753)|SYSTEM_MODE_ENTER|false
15:29:33.0 (2452341)|HEAP_ALLOCATE|[4]|Bytes:5
15:29:33.0 (2456276)|STATEMENT_EXECUTE|[3]
15:29:33.0 (2458425)|STATEMENT_EXECUTE|[4]
15:29:33.0 (2461381)|HEAP_ALLOCATE|[4]|Bytes:189
15:29:33.0 (2484990)|HEAP_ALLOCATE|[4]|Bytes:4
15:29:33.0 (4750420)|SOQL_EXECUTE_BEGIN|[4]|Aggregations:0|SELECT id, Employee__r.LastName, Employee__r.Birthdate, Start_Date__c, End_Date__c, Gross_Pay__c, Total_hours__c, Hour_rate__c, Submitted__c, Taxes__c, Timesheet_Status__c FROM Timesheet__c
15:29:33.0 (15736756)|SOQL_EXECUTE_END|[4]|Rows:8
15:29:33.0 (15763419)|HEAP_ALLOCATE|[4]|Bytes:36
15:29:33.0 (15835077)|HEAP_ALLOCATE|[4]|Bytes:3047
15:29:33.0 (15879480)|HEAP_ALLOCATE|[4]|Bytes:36
15:29:33.0 (15901636)|SYSTEM_MODE_EXIT|false
15:29:33.15 (15930556)|CUMULATIVE_LIMIT_USAGE
15:29:33.15 (15930556)|LIMIT_USAGE_FOR_NS|(default)|
  Number of SOQL queries: 1 out of 100
  Number of query rows: 8 out of 50000
  Number of SOSL queries: 0 out of 20
  Number of DML statements: 0 out of 150
  Number of DML rows: 0 out of 10000
  Maximum CPU time: 0 out of 10000
  Maximum heap size: 0 out of 6000000
  Number of callouts: 0 out of 100
  Number of Email Invocations: 0 out of 10
  Number of future calls: 0 out of 50
  Number of queueable jobs added to the queue: 0 out of 50
  Number of Mobile Apex push calls: 0 out of 10

15:29:33.15 (15930556)|CUMULATIVE_LIMIT_USAGE_END

15:29:33.0 (15979650)|CODE_UNIT_FINISHED|TimesheetController.getAllTimesheets()
15:29:33.0 (16238347)|CODE_UNIT_FINISHED|Aura
15:29:33.0 (17168091)|EXECUTION_FINISHED
