44.0 APEX_CODE,FINEST;APEX_PROFILING,INFO;CALLOUT,INFO;DB,INFO;NBA,INFO;SYSTEM,DEBUG;VALIDATION,INFO;VISUALFORCE,INFO;WAVE,INFO;WORKFLOW,INFO
11:27:41.0 (141689)|USER_INFO|[EXTERNAL]|0051U000000bEX2|lmoraes1@altimetrik.com|Hora de Argentina|GMT-03:00
11:27:41.0 (204174)|EXECUTION_STARTED
11:27:41.0 (211449)|CODE_UNIT_STARTED|[EXTERNAL]|Aura
11:27:41.0 (1217087)|CODE_UNIT_STARTED|[EXTERNAL]|01p1U000008bBod|TimesheetController.getAllTimesheets()
11:27:41.0 (1460489)|HEAP_ALLOCATE|[72]|Bytes:3
11:27:41.0 (1520205)|HEAP_ALLOCATE|[77]|Bytes:152
11:27:41.0 (1537565)|HEAP_ALLOCATE|[342]|Bytes:408
11:27:41.0 (1551031)|HEAP_ALLOCATE|[355]|Bytes:408
11:27:41.0 (1563704)|HEAP_ALLOCATE|[467]|Bytes:48
11:27:41.0 (1595148)|HEAP_ALLOCATE|[139]|Bytes:6
11:27:41.0 (1664288)|HEAP_ALLOCATE|[EXTERNAL]|Bytes:1
11:27:41.0 (1685199)|METHOD_ENTRY|[1]|01p1U000008bBod|TimesheetController.TimesheetController()
11:27:41.0 (1697592)|STATEMENT_EXECUTE|[1]
11:27:41.0 (1709888)|STATEMENT_EXECUTE|[1]
11:27:41.0 (1766528)|HEAP_ALLOCATE|[50]|Bytes:5
11:27:41.0 (1790031)|HEAP_ALLOCATE|[56]|Bytes:5
11:27:41.0 (1798261)|HEAP_ALLOCATE|[64]|Bytes:7
11:27:41.0 (1817448)|SYSTEM_MODE_ENTER|false
11:27:41.0 (1839632)|HEAP_ALLOCATE|[EXTERNAL]|Bytes:5
11:27:41.0 (1848204)|SYSTEM_MODE_EXIT|false
11:27:41.0 (1861664)|METHOD_EXIT|[1]|TimesheetController
11:27:41.0 (1869953)|SYSTEM_MODE_ENTER|false
11:27:41.0 (1881653)|HEAP_ALLOCATE|[4]|Bytes:5
11:27:41.0 (1887487)|STATEMENT_EXECUTE|[3]
11:27:41.0 (1889887)|STATEMENT_EXECUTE|[4]
11:27:41.0 (1894796)|HEAP_ALLOCATE|[4]|Bytes:189
11:27:41.0 (1928201)|HEAP_ALLOCATE|[4]|Bytes:4
11:27:41.0 (2885668)|SOQL_EXECUTE_BEGIN|[4]|Aggregations:0|SELECT id, Employee__r.LastName, Employee__r.Birthdate, Start_Date__c, End_Date__c, Gross_Pay__c, Total_hours__c, Hour_rate__c, Submitted__c, Taxes__c, Timesheet_Status__c FROM Timesheet__c
11:27:41.0 (11372153)|SOQL_EXECUTE_END|[4]|Rows:8
11:27:41.0 (11403730)|HEAP_ALLOCATE|[4]|Bytes:36
11:27:41.0 (11479979)|HEAP_ALLOCATE|[4]|Bytes:3047
11:27:41.0 (11612375)|HEAP_ALLOCATE|[4]|Bytes:36
11:27:41.0 (11635771)|SYSTEM_MODE_EXIT|false
11:27:41.11 (11672869)|CUMULATIVE_LIMIT_USAGE
11:27:41.11 (11672869)|LIMIT_USAGE_FOR_NS|(default)|
  Number of SOQL queries: 1 out of 100
  Number of query rows: 8 out of 50000
  Number of SOSL queries: 0 out of 20
  Number of DML statements: 0 out of 150
  Number of DML rows: 0 out of 10000
  Maximum CPU time: 0 out of 10000
  Maximum heap size: 0 out of 6000000
  Number of callouts: 0 out of 100
  Number of Email Invocations: 0 out of 10
  Number of future calls: 0 out of 50
  Number of queueable jobs added to the queue: 0 out of 50
  Number of Mobile Apex push calls: 0 out of 10

11:27:41.11 (11672869)|CUMULATIVE_LIMIT_USAGE_END

11:27:41.0 (11730294)|CODE_UNIT_FINISHED|TimesheetController.getAllTimesheets()
11:27:41.0 (12079808)|CODE_UNIT_FINISHED|Aura
11:27:41.0 (13045683)|EXECUTION_FINISHED
