44.0 APEX_CODE,FINEST;APEX_PROFILING,INFO;CALLOUT,INFO;DB,INFO;NBA,INFO;SYSTEM,DEBUG;VALIDATION,INFO;VISUALFORCE,INFO;WAVE,INFO;WORKFLOW,INFO
11:17:02.0 (171774)|USER_INFO|[EXTERNAL]|0051U000000bEX2|lmoraes1@altimetrik.com|Hora de Argentina|GMT-03:00
11:17:02.0 (206694)|EXECUTION_STARTED
11:17:02.0 (211460)|CODE_UNIT_STARTED|[EXTERNAL]|Aura
11:17:02.0 (1242129)|CODE_UNIT_STARTED|[EXTERNAL]|01p1U000008bBod|TimesheetController.getAllTimesheets()
11:17:02.0 (1412762)|HEAP_ALLOCATE|[72]|Bytes:3
11:17:02.0 (1466005)|HEAP_ALLOCATE|[77]|Bytes:152
11:17:02.0 (1479267)|HEAP_ALLOCATE|[342]|Bytes:408
11:17:02.0 (1490041)|HEAP_ALLOCATE|[355]|Bytes:408
11:17:02.0 (1500970)|HEAP_ALLOCATE|[467]|Bytes:48
11:17:02.0 (1527130)|HEAP_ALLOCATE|[139]|Bytes:6
11:17:02.0 (1587410)|HEAP_ALLOCATE|[EXTERNAL]|Bytes:1
11:17:02.0 (1598817)|METHOD_ENTRY|[1]|01p1U000008bBod|TimesheetController.TimesheetController()
11:17:02.0 (1604415)|STATEMENT_EXECUTE|[1]
11:17:02.0 (1612258)|STATEMENT_EXECUTE|[1]
11:17:02.0 (1640356)|HEAP_ALLOCATE|[50]|Bytes:5
11:17:02.0 (1660854)|HEAP_ALLOCATE|[56]|Bytes:5
11:17:02.0 (1668076)|HEAP_ALLOCATE|[64]|Bytes:7
11:17:02.0 (1682616)|SYSTEM_MODE_ENTER|false
11:17:02.0 (1696956)|HEAP_ALLOCATE|[EXTERNAL]|Bytes:5
11:17:02.0 (1704039)|SYSTEM_MODE_EXIT|false
11:17:02.0 (1714046)|METHOD_EXIT|[1]|TimesheetController
11:17:02.0 (1720366)|SYSTEM_MODE_ENTER|false
11:17:02.0 (1733215)|HEAP_ALLOCATE|[4]|Bytes:5
11:17:02.0 (1741260)|STATEMENT_EXECUTE|[3]
11:17:02.0 (1744434)|STATEMENT_EXECUTE|[4]
11:17:02.0 (1750516)|HEAP_ALLOCATE|[4]|Bytes:157
11:17:02.0 (1797838)|HEAP_ALLOCATE|[4]|Bytes:4
11:17:02.0 (2327085)|SOQL_EXECUTE_BEGIN|[4]|Aggregations:0|SELECT id, Employee__c, Start_Date__c, End_Date__c, Gross_Pay__c, Total_hours__c, Hour_rate__c, Submitted__c, Taxes__c, Timesheet_Status__c FROM Timesheet__c
11:17:02.0 (7901946)|SOQL_EXECUTE_END|[4]|Rows:8
11:17:02.0 (7933797)|HEAP_ALLOCATE|[4]|Bytes:36
11:17:02.0 (7995051)|HEAP_ALLOCATE|[4]|Bytes:2701
11:17:02.0 (8131843)|HEAP_ALLOCATE|[4]|Bytes:36
11:17:02.0 (8160167)|SYSTEM_MODE_EXIT|false
11:17:02.8 (8189896)|CUMULATIVE_LIMIT_USAGE
11:17:02.8 (8189896)|LIMIT_USAGE_FOR_NS|(default)|
  Number of SOQL queries: 1 out of 100
  Number of query rows: 8 out of 50000
  Number of SOSL queries: 0 out of 20
  Number of DML statements: 0 out of 150
  Number of DML rows: 0 out of 10000
  Maximum CPU time: 0 out of 10000
  Maximum heap size: 0 out of 6000000
  Number of callouts: 0 out of 100
  Number of Email Invocations: 0 out of 10
  Number of future calls: 0 out of 50
  Number of queueable jobs added to the queue: 0 out of 50
  Number of Mobile Apex push calls: 0 out of 10

11:17:02.8 (8189896)|CUMULATIVE_LIMIT_USAGE_END

11:17:02.0 (8226183)|CODE_UNIT_FINISHED|TimesheetController.getAllTimesheets()
11:17:02.0 (8435193)|CODE_UNIT_FINISHED|Aura
11:17:02.0 (9426188)|EXECUTION_FINISHED
