44.0 APEX_CODE,FINEST;APEX_PROFILING,INFO;CALLOUT,INFO;DB,INFO;NBA,INFO;SYSTEM,DEBUG;VALIDATION,INFO;VISUALFORCE,INFO;WAVE,INFO;WORKFLOW,INFO
11:02:41.0 (518388)|USER_INFO|[EXTERNAL]|0051U000000bEX2|lmoraes1@altimetrik.com|Hora de Argentina|GMT-03:00
11:02:41.0 (608304)|EXECUTION_STARTED
11:02:41.0 (616750)|CODE_UNIT_STARTED|[EXTERNAL]|Aura
11:02:41.0 (2205727)|CODE_UNIT_STARTED|[EXTERNAL]|01p1U000008bBod|TimesheetController.getAllTimesheets()
11:02:41.0 (2417854)|HEAP_ALLOCATE|[72]|Bytes:3
11:02:41.0 (2478701)|HEAP_ALLOCATE|[77]|Bytes:152
11:02:41.0 (2494565)|HEAP_ALLOCATE|[342]|Bytes:408
11:02:41.0 (2508042)|HEAP_ALLOCATE|[355]|Bytes:408
11:02:41.0 (2525339)|HEAP_ALLOCATE|[467]|Bytes:48
11:02:41.0 (2553882)|HEAP_ALLOCATE|[139]|Bytes:6
11:02:41.0 (2616372)|HEAP_ALLOCATE|[EXTERNAL]|Bytes:1
11:02:41.0 (2636996)|METHOD_ENTRY|[1]|01p1U000008bBod|TimesheetController.TimesheetController()
11:02:41.0 (2654238)|STATEMENT_EXECUTE|[1]
11:02:41.0 (2669800)|STATEMENT_EXECUTE|[1]
11:02:41.0 (2752140)|HEAP_ALLOCATE|[50]|Bytes:5
11:02:41.0 (2772586)|HEAP_ALLOCATE|[56]|Bytes:5
11:02:41.0 (2781140)|HEAP_ALLOCATE|[64]|Bytes:7
11:02:41.0 (2801799)|SYSTEM_MODE_ENTER|false
11:02:41.0 (2821168)|HEAP_ALLOCATE|[EXTERNAL]|Bytes:5
11:02:41.0 (2830480)|SYSTEM_MODE_EXIT|false
11:02:41.0 (2844105)|METHOD_EXIT|[1]|TimesheetController
11:02:41.0 (2851177)|SYSTEM_MODE_ENTER|false
11:02:41.0 (2861648)|HEAP_ALLOCATE|[4]|Bytes:5
11:02:41.0 (2867687)|STATEMENT_EXECUTE|[3]
11:02:41.0 (2869803)|STATEMENT_EXECUTE|[4]
11:02:41.0 (2874090)|HEAP_ALLOCATE|[4]|Bytes:141
11:02:41.0 (2895790)|HEAP_ALLOCATE|[4]|Bytes:4
11:02:41.0 (4610065)|SOQL_EXECUTE_BEGIN|[4]|Aggregations:0|SELECT id, Employee__c, Start_Date__c, End_Date__c, Gross_Pay__c, Hour_rate__c, Submitted__c, Taxes__c, Timesheet_Status__c FROM Timesheet__c
11:02:41.0 (11450272)|SOQL_EXECUTE_END|[4]|Rows:8
11:02:41.0 (11490138)|HEAP_ALLOCATE|[4]|Bytes:36
11:02:41.0 (11553900)|HEAP_ALLOCATE|[4]|Bytes:2269
11:02:41.0 (11697335)|HEAP_ALLOCATE|[4]|Bytes:36
11:02:41.0 (11723137)|SYSTEM_MODE_EXIT|false
11:02:41.11 (11756904)|CUMULATIVE_LIMIT_USAGE
11:02:41.11 (11756904)|LIMIT_USAGE_FOR_NS|(default)|
  Number of SOQL queries: 1 out of 100
  Number of query rows: 8 out of 50000
  Number of SOSL queries: 0 out of 20
  Number of DML statements: 0 out of 150
  Number of DML rows: 0 out of 10000
  Maximum CPU time: 0 out of 10000
  Maximum heap size: 0 out of 6000000
  Number of callouts: 0 out of 100
  Number of Email Invocations: 0 out of 10
  Number of future calls: 0 out of 50
  Number of queueable jobs added to the queue: 0 out of 50
  Number of Mobile Apex push calls: 0 out of 10

11:02:41.11 (11756904)|CUMULATIVE_LIMIT_USAGE_END

11:02:41.0 (11826471)|CODE_UNIT_FINISHED|TimesheetController.getAllTimesheets()
11:02:41.0 (12143046)|CODE_UNIT_FINISHED|Aura
11:02:41.0 (13306333)|EXECUTION_FINISHED
