44.0 APEX_CODE,FINEST;APEX_PROFILING,INFO;CALLOUT,INFO;DB,INFO;NBA,INFO;SYSTEM,DEBUG;VALIDATION,INFO;VISUALFORCE,INFO;WAVE,INFO;WORKFLOW,INFO
11:26:24.0 (470021)|USER_INFO|[EXTERNAL]|0051U000000bEX2|lmoraes1@altimetrik.com|Hora de Argentina|GMT-03:00
11:26:24.0 (524116)|EXECUTION_STARTED
11:26:24.0 (530788)|CODE_UNIT_STARTED|[EXTERNAL]|Aura
11:26:24.0 (1969905)|CODE_UNIT_STARTED|[EXTERNAL]|01p1U000008bBod|TimesheetController.getAllTimesheets()
11:26:24.0 (2237810)|HEAP_ALLOCATE|[72]|Bytes:3
11:26:24.0 (2298709)|HEAP_ALLOCATE|[77]|Bytes:152
11:26:24.0 (2313845)|HEAP_ALLOCATE|[342]|Bytes:408
11:26:24.0 (2327562)|HEAP_ALLOCATE|[355]|Bytes:408
11:26:24.0 (2339531)|HEAP_ALLOCATE|[467]|Bytes:48
11:26:24.0 (2368993)|HEAP_ALLOCATE|[139]|Bytes:6
11:26:24.0 (2383860)|HEAP_ALLOCATE|[EXTERNAL]|Bytes:1
11:26:24.0 (2398299)|METHOD_ENTRY|[1]|01p1U000008bBod|TimesheetController.TimesheetController()
11:26:24.0 (2407852)|STATEMENT_EXECUTE|[1]
11:26:24.0 (2413696)|STATEMENT_EXECUTE|[1]
11:26:24.0 (2462401)|HEAP_ALLOCATE|[50]|Bytes:5
11:26:24.0 (2483672)|HEAP_ALLOCATE|[56]|Bytes:5
11:26:24.0 (2492696)|HEAP_ALLOCATE|[64]|Bytes:7
11:26:24.0 (2510464)|SYSTEM_MODE_ENTER|false
11:26:24.0 (2525469)|HEAP_ALLOCATE|[EXTERNAL]|Bytes:5
11:26:24.0 (2532101)|SYSTEM_MODE_EXIT|false
11:26:24.0 (2542999)|METHOD_EXIT|[1]|TimesheetController
11:26:24.0 (2551381)|SYSTEM_MODE_ENTER|false
11:26:24.0 (2561737)|HEAP_ALLOCATE|[4]|Bytes:5
11:26:24.0 (2565662)|STATEMENT_EXECUTE|[3]
11:26:24.0 (2567846)|STATEMENT_EXECUTE|[4]
11:26:24.0 (2572292)|HEAP_ALLOCATE|[4]|Bytes:189
11:26:24.0 (2594373)|HEAP_ALLOCATE|[4]|Bytes:4
11:26:24.0 (4594319)|SOQL_EXECUTE_BEGIN|[4]|Aggregations:0|SELECT id, Employee__r.LastName, Employee__r.Birthdate, Start_Date__c, End_Date__c, Gross_Pay__c, Total_hours__c, Hour_rate__c, Submitted__c, Taxes__c, Timesheet_Status__c FROM Timesheet__c
11:26:24.0 (17274419)|SOQL_EXECUTE_END|[4]|Rows:8
11:26:24.0 (17300054)|HEAP_ALLOCATE|[4]|Bytes:36
11:26:24.0 (17379139)|HEAP_ALLOCATE|[4]|Bytes:3047
11:26:24.0 (17415810)|HEAP_ALLOCATE|[4]|Bytes:36
11:26:24.0 (17436920)|SYSTEM_MODE_EXIT|false
11:26:24.17 (17467753)|CUMULATIVE_LIMIT_USAGE
11:26:24.17 (17467753)|LIMIT_USAGE_FOR_NS|(default)|
  Number of SOQL queries: 1 out of 100
  Number of query rows: 8 out of 50000
  Number of SOSL queries: 0 out of 20
  Number of DML statements: 0 out of 150
  Number of DML rows: 0 out of 10000
  Maximum CPU time: 0 out of 10000
  Maximum heap size: 0 out of 6000000
  Number of callouts: 0 out of 100
  Number of Email Invocations: 0 out of 10
  Number of future calls: 0 out of 50
  Number of queueable jobs added to the queue: 0 out of 50
  Number of Mobile Apex push calls: 0 out of 10

11:26:24.17 (17467753)|CUMULATIVE_LIMIT_USAGE_END

11:26:24.0 (17512104)|CODE_UNIT_FINISHED|TimesheetController.getAllTimesheets()
11:26:24.0 (17767778)|CODE_UNIT_FINISHED|Aura
11:26:24.0 (18780325)|EXECUTION_FINISHED
