44.0 APEX_CODE,FINEST;APEX_PROFILING,INFO;CALLOUT,INFO;DB,INFO;NBA,INFO;SYSTEM,DEBUG;VALIDATION,INFO;VISUALFORCE,INFO;WAVE,INFO;WORKFLOW,INFO
11:26:50.0 (134265)|USER_INFO|[EXTERNAL]|0051U000000bEX2|lmoraes1@altimetrik.com|Hora de Argentina|GMT-03:00
11:26:50.0 (190083)|EXECUTION_STARTED
11:26:50.0 (196032)|CODE_UNIT_STARTED|[EXTERNAL]|Aura
11:26:50.0 (1120065)|CODE_UNIT_STARTED|[EXTERNAL]|01p1U000008bBod|TimesheetController.getAllTimesheets()
11:26:50.0 (1281303)|HEAP_ALLOCATE|[72]|Bytes:3
11:26:50.0 (1337203)|HEAP_ALLOCATE|[77]|Bytes:152
11:26:50.0 (1350525)|HEAP_ALLOCATE|[342]|Bytes:408
11:26:50.0 (1363255)|HEAP_ALLOCATE|[355]|Bytes:408
11:26:50.0 (1373956)|HEAP_ALLOCATE|[467]|Bytes:48
11:26:50.0 (1397232)|HEAP_ALLOCATE|[139]|Bytes:6
11:26:50.0 (1453153)|HEAP_ALLOCATE|[EXTERNAL]|Bytes:1
11:26:50.0 (1468669)|METHOD_ENTRY|[1]|01p1U000008bBod|TimesheetController.TimesheetController()
11:26:50.0 (1478739)|STATEMENT_EXECUTE|[1]
11:26:50.0 (1490363)|STATEMENT_EXECUTE|[1]
11:26:50.0 (1514924)|HEAP_ALLOCATE|[50]|Bytes:5
11:26:50.0 (1538846)|HEAP_ALLOCATE|[56]|Bytes:5
11:26:50.0 (1545972)|HEAP_ALLOCATE|[64]|Bytes:7
11:26:50.0 (1564164)|SYSTEM_MODE_ENTER|false
11:26:50.0 (1578746)|HEAP_ALLOCATE|[EXTERNAL]|Bytes:5
11:26:50.0 (1585323)|SYSTEM_MODE_EXIT|false
11:26:50.0 (1596518)|METHOD_EXIT|[1]|TimesheetController
11:26:50.0 (1603038)|SYSTEM_MODE_ENTER|false
11:26:50.0 (1611392)|HEAP_ALLOCATE|[4]|Bytes:5
11:26:50.0 (1615599)|STATEMENT_EXECUTE|[3]
11:26:50.0 (1617632)|STATEMENT_EXECUTE|[4]
11:26:50.0 (1620572)|HEAP_ALLOCATE|[4]|Bytes:189
11:26:50.0 (1636165)|HEAP_ALLOCATE|[4]|Bytes:4
11:26:50.0 (2324434)|SOQL_EXECUTE_BEGIN|[4]|Aggregations:0|SELECT id, Employee__r.LastName, Employee__r.Birthdate, Start_Date__c, End_Date__c, Gross_Pay__c, Total_hours__c, Hour_rate__c, Submitted__c, Taxes__c, Timesheet_Status__c FROM Timesheet__c
11:26:50.0 (9388677)|SOQL_EXECUTE_END|[4]|Rows:8
11:26:50.0 (9411407)|HEAP_ALLOCATE|[4]|Bytes:36
11:26:50.0 (9483380)|HEAP_ALLOCATE|[4]|Bytes:3047
11:26:50.0 (9615697)|HEAP_ALLOCATE|[4]|Bytes:36
11:26:50.0 (9634794)|SYSTEM_MODE_EXIT|false
11:26:50.9 (9665815)|CUMULATIVE_LIMIT_USAGE
11:26:50.9 (9665815)|LIMIT_USAGE_FOR_NS|(default)|
  Number of SOQL queries: 1 out of 100
  Number of query rows: 8 out of 50000
  Number of SOSL queries: 0 out of 20
  Number of DML statements: 0 out of 150
  Number of DML rows: 0 out of 10000
  Maximum CPU time: 0 out of 10000
  Maximum heap size: 0 out of 6000000
  Number of callouts: 0 out of 100
  Number of Email Invocations: 0 out of 10
  Number of future calls: 0 out of 50
  Number of queueable jobs added to the queue: 0 out of 50
  Number of Mobile Apex push calls: 0 out of 10

11:26:50.9 (9665815)|CUMULATIVE_LIMIT_USAGE_END

11:26:50.0 (9714817)|CODE_UNIT_FINISHED|TimesheetController.getAllTimesheets()
11:26:50.0 (9991719)|CODE_UNIT_FINISHED|Aura
11:26:50.0 (11151318)|EXECUTION_FINISHED
