44.0 APEX_CODE,FINEST;APEX_PROFILING,INFO;CALLOUT,INFO;DB,INFO;NBA,INFO;SYSTEM,DEBUG;VALIDATION,INFO;VISUALFORCE,INFO;WAVE,INFO;WORKFLOW,INFO
15:57:25.0 (99604)|USER_INFO|[EXTERNAL]|0051U000000bEX2|lmoraes1@altimetrik.com|Hora de Argentina|GMT-03:00
15:57:25.0 (138320)|EXECUTION_STARTED
15:57:25.0 (143454)|CODE_UNIT_STARTED|[EXTERNAL]|Aura
15:57:25.0 (1186400)|CODE_UNIT_STARTED|[EXTERNAL]|01p1U000008bBod|TimesheetController.getAllTimesheets()
15:57:25.0 (1396389)|HEAP_ALLOCATE|[72]|Bytes:3
15:57:25.0 (1457491)|HEAP_ALLOCATE|[77]|Bytes:152
15:57:25.0 (1472900)|HEAP_ALLOCATE|[342]|Bytes:408
15:57:25.0 (1487126)|HEAP_ALLOCATE|[355]|Bytes:408
15:57:25.0 (1499494)|HEAP_ALLOCATE|[467]|Bytes:48
15:57:25.0 (1529612)|HEAP_ALLOCATE|[139]|Bytes:6
15:57:25.0 (1599887)|HEAP_ALLOCATE|[EXTERNAL]|Bytes:1
15:57:25.0 (1615589)|METHOD_ENTRY|[1]|01p1U000008bBod|TimesheetController.TimesheetController()
15:57:25.0 (1624284)|STATEMENT_EXECUTE|[1]
15:57:25.0 (1630639)|STATEMENT_EXECUTE|[1]
15:57:25.0 (1682448)|HEAP_ALLOCATE|[50]|Bytes:5
15:57:25.0 (1705828)|HEAP_ALLOCATE|[56]|Bytes:5
15:57:25.0 (1712632)|HEAP_ALLOCATE|[64]|Bytes:7
15:57:25.0 (1730770)|SYSTEM_MODE_ENTER|false
15:57:25.0 (1749431)|HEAP_ALLOCATE|[EXTERNAL]|Bytes:5
15:57:25.0 (1758863)|SYSTEM_MODE_EXIT|false
15:57:25.0 (1768987)|METHOD_EXIT|[1]|TimesheetController
15:57:25.0 (1777293)|SYSTEM_MODE_ENTER|false
15:57:25.0 (1788557)|HEAP_ALLOCATE|[4]|Bytes:5
15:57:25.0 (1801293)|STATEMENT_EXECUTE|[3]
15:57:25.0 (1804934)|STATEMENT_EXECUTE|[4]
15:57:25.0 (1809684)|HEAP_ALLOCATE|[4]|Bytes:189
15:57:25.0 (1844142)|HEAP_ALLOCATE|[4]|Bytes:4
15:57:25.0 (2835763)|SOQL_EXECUTE_BEGIN|[4]|Aggregations:0|SELECT id, Employee__r.LastName, Employee__r.Birthdate, Start_Date__c, End_Date__c, Gross_Pay__c, Total_hours__c, Hour_rate__c, Submitted__c, Taxes__c, Timesheet_Status__c FROM Timesheet__c
15:57:25.0 (9821148)|SOQL_EXECUTE_END|[4]|Rows:8
15:57:25.0 (9857564)|HEAP_ALLOCATE|[4]|Bytes:36
15:57:25.0 (9944876)|HEAP_ALLOCATE|[4]|Bytes:3047
15:57:25.0 (10089079)|HEAP_ALLOCATE|[4]|Bytes:36
15:57:25.0 (10119228)|SYSTEM_MODE_EXIT|false
15:57:25.10 (10153485)|CUMULATIVE_LIMIT_USAGE
15:57:25.10 (10153485)|LIMIT_USAGE_FOR_NS|(default)|
  Number of SOQL queries: 1 out of 100
  Number of query rows: 8 out of 50000
  Number of SOSL queries: 0 out of 20
  Number of DML statements: 0 out of 150
  Number of DML rows: 0 out of 10000
  Maximum CPU time: 0 out of 10000
  Maximum heap size: 0 out of 6000000
  Number of callouts: 0 out of 100
  Number of Email Invocations: 0 out of 10
  Number of future calls: 0 out of 50
  Number of queueable jobs added to the queue: 0 out of 50
  Number of Mobile Apex push calls: 0 out of 10

15:57:25.10 (10153485)|CUMULATIVE_LIMIT_USAGE_END

15:57:25.0 (10205134)|CODE_UNIT_FINISHED|TimesheetController.getAllTimesheets()
15:57:25.0 (10486883)|CODE_UNIT_FINISHED|Aura
15:57:25.0 (11573610)|EXECUTION_FINISHED
