44.0 APEX_CODE,FINEST;APEX_PROFILING,INFO;CALLOUT,INFO;DB,INFO;NBA,INFO;SYSTEM,DEBUG;VALIDATION,INFO;VISUALFORCE,INFO;WAVE,INFO;WORKFLOW,INFO
17:10:47.0 (369282)|USER_INFO|[EXTERNAL]|0051U000000bEX2|lmoraes1@altimetrik.com|Hora de Argentina|GMT-03:00
17:10:47.0 (433687)|EXECUTION_STARTED
17:10:47.0 (441708)|CODE_UNIT_STARTED|[EXTERNAL]|Aura
17:10:47.0 (1711407)|CODE_UNIT_STARTED|[EXTERNAL]|01p1U000008bBod|TimesheetController.getAllTimesheets()
17:10:47.0 (1938136)|HEAP_ALLOCATE|[72]|Bytes:3
17:10:47.0 (2009445)|HEAP_ALLOCATE|[77]|Bytes:152
17:10:47.0 (2025928)|HEAP_ALLOCATE|[342]|Bytes:408
17:10:47.0 (2038300)|HEAP_ALLOCATE|[355]|Bytes:408
17:10:47.0 (2050468)|HEAP_ALLOCATE|[467]|Bytes:48
17:10:47.0 (2076820)|HEAP_ALLOCATE|[139]|Bytes:6
17:10:47.0 (2141329)|HEAP_ALLOCATE|[EXTERNAL]|Bytes:1
17:10:47.0 (2159660)|METHOD_ENTRY|[1]|01p1U000008bBod|TimesheetController.TimesheetController()
17:10:47.0 (2167367)|STATEMENT_EXECUTE|[1]
17:10:47.0 (2175143)|STATEMENT_EXECUTE|[1]
17:10:47.0 (2228451)|HEAP_ALLOCATE|[50]|Bytes:5
17:10:47.0 (2252788)|HEAP_ALLOCATE|[56]|Bytes:5
17:10:47.0 (2259483)|HEAP_ALLOCATE|[64]|Bytes:7
17:10:47.0 (2284824)|SYSTEM_MODE_ENTER|false
17:10:47.0 (2304570)|HEAP_ALLOCATE|[EXTERNAL]|Bytes:5
17:10:47.0 (2313594)|SYSTEM_MODE_EXIT|false
17:10:47.0 (2324410)|METHOD_EXIT|[1]|TimesheetController
17:10:47.0 (2333001)|SYSTEM_MODE_ENTER|false
17:10:47.0 (2347205)|HEAP_ALLOCATE|[4]|Bytes:5
17:10:47.0 (2353110)|STATEMENT_EXECUTE|[3]
17:10:47.0 (2355315)|STATEMENT_EXECUTE|[4]
17:10:47.0 (2359983)|HEAP_ALLOCATE|[4]|Bytes:189
17:10:47.0 (2382660)|HEAP_ALLOCATE|[4]|Bytes:4
17:10:47.0 (4753139)|SOQL_EXECUTE_BEGIN|[4]|Aggregations:0|SELECT id, Employee__r.LastName, Employee__r.Birthdate, Start_Date__c, End_Date__c, Gross_Pay__c, Total_hours__c, Hour_rate__c, Submitted__c, Taxes__c, Timesheet_Status__c FROM Timesheet__c
17:10:47.0 (16840849)|SOQL_EXECUTE_END|[4]|Rows:8
17:10:47.0 (16877738)|HEAP_ALLOCATE|[4]|Bytes:36
17:10:47.0 (16959478)|HEAP_ALLOCATE|[4]|Bytes:3047
17:10:47.0 (17106377)|HEAP_ALLOCATE|[4]|Bytes:36
17:10:47.0 (17139232)|SYSTEM_MODE_EXIT|false
17:10:47.17 (17166849)|CUMULATIVE_LIMIT_USAGE
17:10:47.17 (17166849)|LIMIT_USAGE_FOR_NS|(default)|
  Number of SOQL queries: 1 out of 100
  Number of query rows: 8 out of 50000
  Number of SOSL queries: 0 out of 20
  Number of DML statements: 0 out of 150
  Number of DML rows: 0 out of 10000
  Maximum CPU time: 0 out of 10000
  Maximum heap size: 0 out of 6000000
  Number of callouts: 0 out of 100
  Number of Email Invocations: 0 out of 10
  Number of future calls: 0 out of 50
  Number of queueable jobs added to the queue: 0 out of 50
  Number of Mobile Apex push calls: 0 out of 10

17:10:47.17 (17166849)|CUMULATIVE_LIMIT_USAGE_END

17:10:47.0 (17218055)|CODE_UNIT_FINISHED|TimesheetController.getAllTimesheets()
17:10:47.0 (17495302)|CODE_UNIT_FINISHED|Aura
17:10:47.0 (18594164)|EXECUTION_FINISHED
