44.0 APEX_CODE,FINEST;APEX_PROFILING,INFO;CALLOUT,INFO;DB,INFO;NBA,INFO;SYSTEM,DEBUG;VALIDATION,INFO;VISUALFORCE,INFO;WAVE,INFO;WORKFLOW,INFO
11:27:05.0 (90336)|USER_INFO|[EXTERNAL]|0051U000000bEX2|lmoraes1@altimetrik.com|Hora de Argentina|GMT-03:00
11:27:05.0 (122272)|EXECUTION_STARTED
11:27:05.0 (127403)|CODE_UNIT_STARTED|[EXTERNAL]|Aura
11:27:05.0 (1562165)|CODE_UNIT_STARTED|[EXTERNAL]|01p1U000008bBod|TimesheetController.getAllTimesheets()
11:27:05.0 (1746108)|HEAP_ALLOCATE|[72]|Bytes:3
11:27:05.0 (1797268)|HEAP_ALLOCATE|[77]|Bytes:152
11:27:05.0 (1810548)|HEAP_ALLOCATE|[342]|Bytes:408
11:27:05.0 (1821631)|HEAP_ALLOCATE|[355]|Bytes:408
11:27:05.0 (1832409)|HEAP_ALLOCATE|[467]|Bytes:48
11:27:05.0 (1855941)|HEAP_ALLOCATE|[139]|Bytes:6
11:27:05.0 (1912271)|HEAP_ALLOCATE|[EXTERNAL]|Bytes:1
11:27:05.0 (1923151)|METHOD_ENTRY|[1]|01p1U000008bBod|TimesheetController.TimesheetController()
11:27:05.0 (1929655)|STATEMENT_EXECUTE|[1]
11:27:05.0 (1935826)|STATEMENT_EXECUTE|[1]
11:27:05.0 (1962046)|HEAP_ALLOCATE|[50]|Bytes:5
11:27:05.0 (1980885)|HEAP_ALLOCATE|[56]|Bytes:5
11:27:05.0 (1987942)|HEAP_ALLOCATE|[64]|Bytes:7
11:27:05.0 (2002669)|SYSTEM_MODE_ENTER|false
11:27:05.0 (2017448)|HEAP_ALLOCATE|[EXTERNAL]|Bytes:5
11:27:05.0 (2024142)|SYSTEM_MODE_EXIT|false
11:27:05.0 (2032480)|METHOD_EXIT|[1]|TimesheetController
11:27:05.0 (2039196)|SYSTEM_MODE_ENTER|false
11:27:05.0 (2048513)|HEAP_ALLOCATE|[4]|Bytes:5
11:27:05.0 (2052801)|STATEMENT_EXECUTE|[3]
11:27:05.0 (2055111)|STATEMENT_EXECUTE|[4]
11:27:05.0 (2057933)|HEAP_ALLOCATE|[4]|Bytes:189
11:27:05.0 (2076583)|HEAP_ALLOCATE|[4]|Bytes:4
11:27:05.0 (3069966)|SOQL_EXECUTE_BEGIN|[4]|Aggregations:0|SELECT id, Employee__r.LastName, Employee__r.Birthdate, Start_Date__c, End_Date__c, Gross_Pay__c, Total_hours__c, Hour_rate__c, Submitted__c, Taxes__c, Timesheet_Status__c FROM Timesheet__c
11:27:05.0 (12112612)|SOQL_EXECUTE_END|[4]|Rows:8
11:27:05.0 (12151864)|HEAP_ALLOCATE|[4]|Bytes:36
11:27:05.0 (12244085)|HEAP_ALLOCATE|[4]|Bytes:3047
11:27:05.0 (12378151)|HEAP_ALLOCATE|[4]|Bytes:36
11:27:05.0 (12403955)|SYSTEM_MODE_EXIT|false
11:27:05.12 (12441576)|CUMULATIVE_LIMIT_USAGE
11:27:05.12 (12441576)|LIMIT_USAGE_FOR_NS|(default)|
  Number of SOQL queries: 1 out of 100
  Number of query rows: 8 out of 50000
  Number of SOSL queries: 0 out of 20
  Number of DML statements: 0 out of 150
  Number of DML rows: 0 out of 10000
  Maximum CPU time: 0 out of 10000
  Maximum heap size: 0 out of 6000000
  Number of callouts: 0 out of 100
  Number of Email Invocations: 0 out of 10
  Number of future calls: 0 out of 50
  Number of queueable jobs added to the queue: 0 out of 50
  Number of Mobile Apex push calls: 0 out of 10

11:27:05.12 (12441576)|CUMULATIVE_LIMIT_USAGE_END

11:27:05.0 (12478840)|CODE_UNIT_FINISHED|TimesheetController.getAllTimesheets()
11:27:05.0 (12794648)|CODE_UNIT_FINISHED|Aura
11:27:05.0 (14017986)|EXECUTION_FINISHED
