44.0 APEX_CODE,FINEST;APEX_PROFILING,INFO;CALLOUT,INFO;DB,INFO;NBA,INFO;SYSTEM,DEBUG;VALIDATION,INFO;VISUALFORCE,INFO;WAVE,INFO;WORKFLOW,INFO
16:07:14.0 (444971)|USER_INFO|[EXTERNAL]|0051U000000bEX2|lmoraes1@altimetrik.com|Hora de Argentina|GMT-03:00
16:07:14.0 (485877)|EXECUTION_STARTED
16:07:14.0 (491213)|CODE_UNIT_STARTED|[EXTERNAL]|Aura
16:07:14.0 (2004068)|CODE_UNIT_STARTED|[EXTERNAL]|01p1U000008bBod|TimesheetController.getAllTimesheets()
16:07:14.0 (2213949)|HEAP_ALLOCATE|[72]|Bytes:3
16:07:14.0 (2283539)|HEAP_ALLOCATE|[77]|Bytes:152
16:07:14.0 (2297826)|HEAP_ALLOCATE|[342]|Bytes:408
16:07:14.0 (2309154)|HEAP_ALLOCATE|[355]|Bytes:408
16:07:14.0 (2320364)|HEAP_ALLOCATE|[467]|Bytes:48
16:07:14.0 (2345285)|HEAP_ALLOCATE|[139]|Bytes:6
16:07:14.0 (2433886)|HEAP_ALLOCATE|[EXTERNAL]|Bytes:1
16:07:14.0 (2462190)|METHOD_ENTRY|[1]|01p1U000008bBod|TimesheetController.TimesheetController()
16:07:14.0 (2472560)|STATEMENT_EXECUTE|[1]
16:07:14.0 (2481652)|STATEMENT_EXECUTE|[1]
16:07:14.0 (2516220)|HEAP_ALLOCATE|[50]|Bytes:5
16:07:14.0 (2538296)|HEAP_ALLOCATE|[56]|Bytes:5
16:07:14.0 (2545247)|HEAP_ALLOCATE|[64]|Bytes:7
16:07:14.0 (2566732)|SYSTEM_MODE_ENTER|false
16:07:14.0 (2586138)|HEAP_ALLOCATE|[EXTERNAL]|Bytes:5
16:07:14.0 (2593513)|SYSTEM_MODE_EXIT|false
16:07:14.0 (2605511)|METHOD_EXIT|[1]|TimesheetController
16:07:14.0 (2613098)|SYSTEM_MODE_ENTER|false
16:07:14.0 (2624632)|HEAP_ALLOCATE|[4]|Bytes:5
16:07:14.0 (2630361)|STATEMENT_EXECUTE|[3]
16:07:14.0 (2632655)|STATEMENT_EXECUTE|[4]
16:07:14.0 (2637174)|HEAP_ALLOCATE|[4]|Bytes:189
16:07:14.0 (2660696)|HEAP_ALLOCATE|[4]|Bytes:4
16:07:14.0 (4975787)|SOQL_EXECUTE_BEGIN|[4]|Aggregations:0|SELECT id, Employee__r.LastName, Employee__r.Birthdate, Start_Date__c, End_Date__c, Gross_Pay__c, Total_hours__c, Hour_rate__c, Submitted__c, Taxes__c, Timesheet_Status__c FROM Timesheet__c
16:07:14.0 (13881524)|SOQL_EXECUTE_END|[4]|Rows:8
16:07:14.0 (13909731)|HEAP_ALLOCATE|[4]|Bytes:36
16:07:14.0 (13990604)|HEAP_ALLOCATE|[4]|Bytes:3047
16:07:14.0 (14137036)|HEAP_ALLOCATE|[4]|Bytes:36
16:07:14.0 (14162554)|SYSTEM_MODE_EXIT|false
16:07:14.14 (14197157)|CUMULATIVE_LIMIT_USAGE
16:07:14.14 (14197157)|LIMIT_USAGE_FOR_NS|(default)|
  Number of SOQL queries: 1 out of 100
  Number of query rows: 8 out of 50000
  Number of SOSL queries: 0 out of 20
  Number of DML statements: 0 out of 150
  Number of DML rows: 0 out of 10000
  Maximum CPU time: 0 out of 10000
  Maximum heap size: 0 out of 6000000
  Number of callouts: 0 out of 100
  Number of Email Invocations: 0 out of 10
  Number of future calls: 0 out of 50
  Number of queueable jobs added to the queue: 0 out of 50
  Number of Mobile Apex push calls: 0 out of 10

16:07:14.14 (14197157)|CUMULATIVE_LIMIT_USAGE_END

16:07:14.0 (14243012)|CODE_UNIT_FINISHED|TimesheetController.getAllTimesheets()
16:07:14.0 (14517374)|CODE_UNIT_FINISHED|Aura
16:07:14.0 (15798171)|EXECUTION_FINISHED
