44.0 APEX_CODE,FINEST;APEX_PROFILING,INFO;CALLOUT,INFO;DB,INFO;NBA,INFO;SYSTEM,DEBUG;VALIDATION,INFO;VISUALFORCE,INFO;WAVE,INFO;WORKFLOW,INFO
11:07:32.0 (528219)|USER_INFO|[EXTERNAL]|0051U000000bEX2|lmoraes1@altimetrik.com|Hora de Argentina|GMT-03:00
11:07:32.0 (612456)|EXECUTION_STARTED
11:07:32.0 (622966)|CODE_UNIT_STARTED|[EXTERNAL]|Aura
11:07:32.0 (2141456)|CODE_UNIT_STARTED|[EXTERNAL]|01p1U000008bBod|TimesheetController.getAllTimesheets()
11:07:32.0 (2361388)|HEAP_ALLOCATE|[72]|Bytes:3
11:07:32.0 (2434051)|HEAP_ALLOCATE|[77]|Bytes:152
11:07:32.0 (2448708)|HEAP_ALLOCATE|[342]|Bytes:408
11:07:32.0 (2460832)|HEAP_ALLOCATE|[355]|Bytes:408
11:07:32.0 (2472134)|HEAP_ALLOCATE|[467]|Bytes:48
11:07:32.0 (2500575)|HEAP_ALLOCATE|[139]|Bytes:6
11:07:32.0 (2572678)|HEAP_ALLOCATE|[EXTERNAL]|Bytes:1
11:07:32.0 (2598803)|METHOD_ENTRY|[1]|01p1U000008bBod|TimesheetController.TimesheetController()
11:07:32.0 (2609816)|STATEMENT_EXECUTE|[1]
11:07:32.0 (2620586)|STATEMENT_EXECUTE|[1]
11:07:32.0 (2652164)|HEAP_ALLOCATE|[50]|Bytes:5
11:07:32.0 (2673348)|HEAP_ALLOCATE|[56]|Bytes:5
11:07:32.0 (2680223)|HEAP_ALLOCATE|[64]|Bytes:7
11:07:32.0 (2700891)|SYSTEM_MODE_ENTER|false
11:07:32.0 (2725624)|HEAP_ALLOCATE|[EXTERNAL]|Bytes:5
11:07:32.0 (2733233)|SYSTEM_MODE_EXIT|false
11:07:32.0 (2747169)|METHOD_EXIT|[1]|TimesheetController
11:07:32.0 (2753991)|SYSTEM_MODE_ENTER|false
11:07:32.0 (2764551)|HEAP_ALLOCATE|[4]|Bytes:5
11:07:32.0 (2768946)|STATEMENT_EXECUTE|[3]
11:07:32.0 (2771159)|STATEMENT_EXECUTE|[4]
11:07:32.0 (2775691)|HEAP_ALLOCATE|[4]|Bytes:141
11:07:32.0 (2804641)|HEAP_ALLOCATE|[4]|Bytes:4
11:07:32.0 (4408677)|SOQL_EXECUTE_BEGIN|[4]|Aggregations:0|SELECT id, Employee__c, Start_Date__c, End_Date__c, Gross_Pay__c, Hour_rate__c, Submitted__c, Taxes__c, Timesheet_Status__c FROM Timesheet__c
11:07:32.0 (11453822)|SOQL_EXECUTE_END|[4]|Rows:8
11:07:32.0 (11486272)|HEAP_ALLOCATE|[4]|Bytes:36
11:07:32.0 (11547822)|HEAP_ALLOCATE|[4]|Bytes:2269
11:07:32.0 (11702095)|HEAP_ALLOCATE|[4]|Bytes:36
11:07:32.0 (11732805)|SYSTEM_MODE_EXIT|false
11:07:32.11 (11764864)|CUMULATIVE_LIMIT_USAGE
11:07:32.11 (11764864)|LIMIT_USAGE_FOR_NS|(default)|
  Number of SOQL queries: 1 out of 100
  Number of query rows: 8 out of 50000
  Number of SOSL queries: 0 out of 20
  Number of DML statements: 0 out of 150
  Number of DML rows: 0 out of 10000
  Maximum CPU time: 0 out of 10000
  Maximum heap size: 0 out of 6000000
  Number of callouts: 0 out of 100
  Number of Email Invocations: 0 out of 10
  Number of future calls: 0 out of 50
  Number of queueable jobs added to the queue: 0 out of 50
  Number of Mobile Apex push calls: 0 out of 10

11:07:32.11 (11764864)|CUMULATIVE_LIMIT_USAGE_END

11:07:32.0 (11820500)|CODE_UNIT_FINISHED|TimesheetController.getAllTimesheets()
11:07:32.0 (12111413)|CODE_UNIT_FINISHED|Aura
11:07:32.0 (13261961)|EXECUTION_FINISHED
