44.0 APEX_CODE,FINEST;APEX_PROFILING,INFO;CALLOUT,INFO;DB,INFO;NBA,INFO;SYSTEM,DEBUG;VALIDATION,INFO;VISUALFORCE,INFO;WAVE,INFO;WORKFLOW,INFO
11:13:07.0 (432288)|USER_INFO|[EXTERNAL]|0051U000000bEX2|lmoraes1@altimetrik.com|Hora de Argentina|GMT-03:00
11:13:07.0 (503437)|EXECUTION_STARTED
11:13:07.0 (512526)|CODE_UNIT_STARTED|[EXTERNAL]|Aura
11:13:07.0 (1966371)|CODE_UNIT_STARTED|[EXTERNAL]|01p1U000008bBod|TimesheetController.getAllTimesheets()
11:13:07.0 (2180730)|HEAP_ALLOCATE|[72]|Bytes:3
11:13:07.0 (2243729)|HEAP_ALLOCATE|[77]|Bytes:152
11:13:07.0 (2259501)|HEAP_ALLOCATE|[342]|Bytes:408
11:13:07.0 (2272805)|HEAP_ALLOCATE|[355]|Bytes:408
11:13:07.0 (2286465)|HEAP_ALLOCATE|[467]|Bytes:48
11:13:07.0 (2313679)|HEAP_ALLOCATE|[139]|Bytes:6
11:13:07.0 (2377017)|HEAP_ALLOCATE|[EXTERNAL]|Bytes:1
11:13:07.0 (2396646)|METHOD_ENTRY|[1]|01p1U000008bBod|TimesheetController.TimesheetController()
11:13:07.0 (2409034)|STATEMENT_EXECUTE|[1]
11:13:07.0 (2416452)|STATEMENT_EXECUTE|[1]
11:13:07.0 (2466253)|HEAP_ALLOCATE|[50]|Bytes:5
11:13:07.0 (2486756)|HEAP_ALLOCATE|[56]|Bytes:5
11:13:07.0 (2495322)|HEAP_ALLOCATE|[64]|Bytes:7
11:13:07.0 (2512840)|SYSTEM_MODE_ENTER|false
11:13:07.0 (2530436)|HEAP_ALLOCATE|[EXTERNAL]|Bytes:5
11:13:07.0 (2537033)|SYSTEM_MODE_EXIT|false
11:13:07.0 (2550189)|METHOD_EXIT|[1]|TimesheetController
11:13:07.0 (2558596)|SYSTEM_MODE_ENTER|false
11:13:07.0 (2574731)|HEAP_ALLOCATE|[4]|Bytes:5
11:13:07.0 (2584129)|STATEMENT_EXECUTE|[3]
11:13:07.0 (2586476)|STATEMENT_EXECUTE|[4]
11:13:07.0 (2592431)|HEAP_ALLOCATE|[4]|Bytes:141
11:13:07.0 (2614869)|HEAP_ALLOCATE|[4]|Bytes:4
11:13:07.0 (4390268)|SOQL_EXECUTE_BEGIN|[4]|Aggregations:0|SELECT id, Employee__c, Start_Date__c, End_Date__c, Gross_Pay__c, Hour_rate__c, Submitted__c, Taxes__c, Timesheet_Status__c FROM Timesheet__c
11:13:07.0 (11027919)|SOQL_EXECUTE_END|[4]|Rows:8
11:13:07.0 (11055914)|HEAP_ALLOCATE|[4]|Bytes:36
11:13:07.0 (11114949)|HEAP_ALLOCATE|[4]|Bytes:2269
11:13:07.0 (11233328)|HEAP_ALLOCATE|[4]|Bytes:36
11:13:07.0 (11255398)|SYSTEM_MODE_EXIT|false
11:13:07.11 (11285003)|CUMULATIVE_LIMIT_USAGE
11:13:07.11 (11285003)|LIMIT_USAGE_FOR_NS|(default)|
  Number of SOQL queries: 1 out of 100
  Number of query rows: 8 out of 50000
  Number of SOSL queries: 0 out of 20
  Number of DML statements: 0 out of 150
  Number of DML rows: 0 out of 10000
  Maximum CPU time: 0 out of 10000
  Maximum heap size: 0 out of 6000000
  Number of callouts: 0 out of 100
  Number of Email Invocations: 0 out of 10
  Number of future calls: 0 out of 50
  Number of queueable jobs added to the queue: 0 out of 50
  Number of Mobile Apex push calls: 0 out of 10

11:13:07.11 (11285003)|CUMULATIVE_LIMIT_USAGE_END

11:13:07.0 (11342427)|CODE_UNIT_FINISHED|TimesheetController.getAllTimesheets()
11:13:07.0 (11583852)|CODE_UNIT_FINISHED|Aura
11:13:07.0 (12802275)|EXECUTION_FINISHED
