44.0 APEX_CODE,FINEST;APEX_PROFILING,INFO;CALLOUT,INFO;DB,INFO;NBA,INFO;SYSTEM,DEBUG;VALIDATION,INFO;VISUALFORCE,INFO;WAVE,INFO;WORKFLOW,INFO
10:59:31.0 (454128)|USER_INFO|[EXTERNAL]|0051U000000bEX2|lmoraes1@altimetrik.com|Hora de Argentina|GMT-03:00
10:59:31.0 (508679)|EXECUTION_STARTED
10:59:31.0 (514879)|CODE_UNIT_STARTED|[EXTERNAL]|Aura
10:59:31.0 (1939970)|CODE_UNIT_STARTED|[EXTERNAL]|01p1U000008bBod|TimesheetController.getAllTimesheets()
10:59:31.0 (2165571)|HEAP_ALLOCATE|[72]|Bytes:3
10:59:31.0 (2222477)|HEAP_ALLOCATE|[77]|Bytes:152
10:59:31.0 (2237283)|HEAP_ALLOCATE|[342]|Bytes:408
10:59:31.0 (2250900)|HEAP_ALLOCATE|[355]|Bytes:408
10:59:31.0 (2268999)|HEAP_ALLOCATE|[467]|Bytes:48
10:59:31.0 (2294941)|HEAP_ALLOCATE|[139]|Bytes:6
10:59:31.0 (2375658)|HEAP_ALLOCATE|[EXTERNAL]|Bytes:1
10:59:31.0 (2388289)|METHOD_ENTRY|[1]|01p1U000008bBod|TimesheetController.TimesheetController()
10:59:31.0 (2398114)|STATEMENT_EXECUTE|[1]
10:59:31.0 (2405263)|STATEMENT_EXECUTE|[1]
10:59:31.0 (2455229)|HEAP_ALLOCATE|[50]|Bytes:5
10:59:31.0 (2475683)|HEAP_ALLOCATE|[56]|Bytes:5
10:59:31.0 (2484308)|HEAP_ALLOCATE|[64]|Bytes:7
10:59:31.0 (2500645)|SYSTEM_MODE_ENTER|false
10:59:31.0 (2514380)|HEAP_ALLOCATE|[EXTERNAL]|Bytes:5
10:59:31.0 (2522438)|SYSTEM_MODE_EXIT|false
10:59:31.0 (2535456)|METHOD_EXIT|[1]|TimesheetController
10:59:31.0 (2543634)|SYSTEM_MODE_ENTER|false
10:59:31.0 (2551802)|HEAP_ALLOCATE|[4]|Bytes:5
10:59:31.0 (2558040)|STATEMENT_EXECUTE|[3]
10:59:31.0 (2560427)|STATEMENT_EXECUTE|[4]
10:59:31.0 (2564994)|HEAP_ALLOCATE|[4]|Bytes:141
10:59:31.0 (2583042)|HEAP_ALLOCATE|[4]|Bytes:4
10:59:31.0 (4238620)|SOQL_EXECUTE_BEGIN|[4]|Aggregations:0|SELECT id, Employee__c, Start_Date__c, End_Date__c, Gross_Pay__c, Hour_rate__c, Submitted__c, Taxes__c, Timesheet_Status__c FROM Timesheet__c
10:59:31.0 (10807717)|SOQL_EXECUTE_END|[4]|Rows:8
10:59:31.0 (10835631)|HEAP_ALLOCATE|[4]|Bytes:36
10:59:31.0 (10887840)|HEAP_ALLOCATE|[4]|Bytes:2269
10:59:31.0 (11005176)|HEAP_ALLOCATE|[4]|Bytes:36
10:59:31.0 (11026832)|SYSTEM_MODE_EXIT|false
10:59:31.11 (11060369)|CUMULATIVE_LIMIT_USAGE
10:59:31.11 (11060369)|LIMIT_USAGE_FOR_NS|(default)|
  Number of SOQL queries: 1 out of 100
  Number of query rows: 8 out of 50000
  Number of SOSL queries: 0 out of 20
  Number of DML statements: 0 out of 150
  Number of DML rows: 0 out of 10000
  Maximum CPU time: 0 out of 10000
  Maximum heap size: 0 out of 6000000
  Number of callouts: 0 out of 100
  Number of Email Invocations: 0 out of 10
  Number of future calls: 0 out of 50
  Number of queueable jobs added to the queue: 0 out of 50
  Number of Mobile Apex push calls: 0 out of 10

10:59:31.11 (11060369)|CUMULATIVE_LIMIT_USAGE_END

10:59:31.0 (11115953)|CODE_UNIT_FINISHED|TimesheetController.getAllTimesheets()
10:59:31.0 (11356784)|CODE_UNIT_FINISHED|Aura
10:59:31.0 (12483509)|EXECUTION_FINISHED
