44.0 APEX_CODE,FINEST;APEX_PROFILING,INFO;CALLOUT,INFO;DB,INFO;NBA,INFO;SYSTEM,DEBUG;VALIDATION,INFO;VISUALFORCE,INFO;WAVE,INFO;WORKFLOW,INFO
15:56:50.0 (433179)|USER_INFO|[EXTERNAL]|0051U000000bEX2|lmoraes1@altimetrik.com|Hora de Argentina|GMT-03:00
15:56:50.0 (473147)|EXECUTION_STARTED
15:56:50.0 (478601)|CODE_UNIT_STARTED|[EXTERNAL]|Aura
15:56:50.0 (1784234)|CODE_UNIT_STARTED|[EXTERNAL]|01p1U000008bBod|TimesheetController.getAllTimesheets()
15:56:50.0 (2000112)|HEAP_ALLOCATE|[72]|Bytes:3
15:56:50.0 (2059228)|HEAP_ALLOCATE|[77]|Bytes:152
15:56:50.0 (2074974)|HEAP_ALLOCATE|[342]|Bytes:408
15:56:50.0 (2089514)|HEAP_ALLOCATE|[355]|Bytes:408
15:56:50.0 (2101217)|HEAP_ALLOCATE|[467]|Bytes:48
15:56:50.0 (2129867)|HEAP_ALLOCATE|[139]|Bytes:6
15:56:50.0 (2194855)|HEAP_ALLOCATE|[EXTERNAL]|Bytes:1
15:56:50.0 (2212391)|METHOD_ENTRY|[1]|01p1U000008bBod|TimesheetController.TimesheetController()
15:56:50.0 (2220282)|STATEMENT_EXECUTE|[1]
15:56:50.0 (2227262)|STATEMENT_EXECUTE|[1]
15:56:50.0 (2279124)|HEAP_ALLOCATE|[50]|Bytes:5
15:56:50.0 (2302501)|HEAP_ALLOCATE|[56]|Bytes:5
15:56:50.0 (2310970)|HEAP_ALLOCATE|[64]|Bytes:7
15:56:50.0 (2330183)|SYSTEM_MODE_ENTER|false
15:56:50.0 (2347014)|HEAP_ALLOCATE|[EXTERNAL]|Bytes:5
15:56:50.0 (2355572)|SYSTEM_MODE_EXIT|false
15:56:50.0 (2364357)|METHOD_EXIT|[1]|TimesheetController
15:56:50.0 (2372755)|SYSTEM_MODE_ENTER|false
15:56:50.0 (2384009)|HEAP_ALLOCATE|[4]|Bytes:5
15:56:50.0 (2388284)|STATEMENT_EXECUTE|[3]
15:56:50.0 (2392580)|STATEMENT_EXECUTE|[4]
15:56:50.0 (2395588)|HEAP_ALLOCATE|[4]|Bytes:189
15:56:50.0 (2419612)|HEAP_ALLOCATE|[4]|Bytes:4
15:56:50.0 (3301264)|SOQL_EXECUTE_BEGIN|[4]|Aggregations:0|SELECT id, Employee__r.LastName, Employee__r.Birthdate, Start_Date__c, End_Date__c, Gross_Pay__c, Total_hours__c, Hour_rate__c, Submitted__c, Taxes__c, Timesheet_Status__c FROM Timesheet__c
15:56:50.0 (10212949)|SOQL_EXECUTE_END|[4]|Rows:8
15:56:50.0 (10242271)|HEAP_ALLOCATE|[4]|Bytes:36
15:56:50.0 (10317788)|HEAP_ALLOCATE|[4]|Bytes:3047
15:56:50.0 (10447468)|HEAP_ALLOCATE|[4]|Bytes:36
15:56:50.0 (10474308)|SYSTEM_MODE_EXIT|false
15:56:50.10 (10499251)|CUMULATIVE_LIMIT_USAGE
15:56:50.10 (10499251)|LIMIT_USAGE_FOR_NS|(default)|
  Number of SOQL queries: 1 out of 100
  Number of query rows: 8 out of 50000
  Number of SOSL queries: 0 out of 20
  Number of DML statements: 0 out of 150
  Number of DML rows: 0 out of 10000
  Maximum CPU time: 0 out of 10000
  Maximum heap size: 0 out of 6000000
  Number of callouts: 0 out of 100
  Number of Email Invocations: 0 out of 10
  Number of future calls: 0 out of 50
  Number of queueable jobs added to the queue: 0 out of 50
  Number of Mobile Apex push calls: 0 out of 10

15:56:50.10 (10499251)|CUMULATIVE_LIMIT_USAGE_END

15:56:50.0 (10535670)|CODE_UNIT_FINISHED|TimesheetController.getAllTimesheets()
15:56:50.0 (10791700)|CODE_UNIT_FINISHED|Aura
15:56:50.0 (11767068)|EXECUTION_FINISHED
