44.0 APEX_CODE,FINEST;APEX_PROFILING,INFO;CALLOUT,INFO;DB,INFO;NBA,INFO;SYSTEM,DEBUG;VALIDATION,INFO;VISUALFORCE,INFO;WAVE,INFO;WORKFLOW,INFO
11:14:36.0 (126762)|USER_INFO|[EXTERNAL]|0051U000000bEX2|lmoraes1@altimetrik.com|Hora de Argentina|GMT-03:00
11:14:36.0 (163097)|EXECUTION_STARTED
11:14:36.0 (168543)|CODE_UNIT_STARTED|[EXTERNAL]|Aura
11:14:36.0 (1134695)|CODE_UNIT_STARTED|[EXTERNAL]|01p1U000008bBod|TimesheetController.getAllTimesheets()
11:14:36.0 (1342018)|HEAP_ALLOCATE|[72]|Bytes:3
11:14:36.0 (1392571)|HEAP_ALLOCATE|[77]|Bytes:152
11:14:36.0 (1406650)|HEAP_ALLOCATE|[342]|Bytes:408
11:14:36.0 (1419168)|HEAP_ALLOCATE|[355]|Bytes:408
11:14:36.0 (1430174)|HEAP_ALLOCATE|[467]|Bytes:48
11:14:36.0 (1457750)|HEAP_ALLOCATE|[139]|Bytes:6
11:14:36.0 (1471171)|HEAP_ALLOCATE|[EXTERNAL]|Bytes:1
11:14:36.0 (1482359)|METHOD_ENTRY|[1]|01p1U000008bBod|TimesheetController.TimesheetController()
11:14:36.0 (1488926)|STATEMENT_EXECUTE|[1]
11:14:36.0 (1495029)|STATEMENT_EXECUTE|[1]
11:14:36.0 (1523208)|HEAP_ALLOCATE|[50]|Bytes:5
11:14:36.0 (1540602)|HEAP_ALLOCATE|[56]|Bytes:5
11:14:36.0 (1547486)|HEAP_ALLOCATE|[64]|Bytes:7
11:14:36.0 (1560823)|SYSTEM_MODE_ENTER|false
11:14:36.0 (1574776)|HEAP_ALLOCATE|[EXTERNAL]|Bytes:5
11:14:36.0 (1581604)|SYSTEM_MODE_EXIT|false
11:14:36.0 (1591600)|METHOD_EXIT|[1]|TimesheetController
11:14:36.0 (1598251)|SYSTEM_MODE_ENTER|false
11:14:36.0 (1606751)|HEAP_ALLOCATE|[4]|Bytes:5
11:14:36.0 (1610671)|STATEMENT_EXECUTE|[3]
11:14:36.0 (1613000)|STATEMENT_EXECUTE|[4]
11:14:36.0 (1615838)|HEAP_ALLOCATE|[4]|Bytes:157
11:14:36.0 (1635121)|HEAP_ALLOCATE|[4]|Bytes:4
11:14:36.0 (2278354)|SOQL_EXECUTE_BEGIN|[4]|Aggregations:0|SELECT id, Employee__c, Start_Date__c, End_Date__c, Gross_Pay__c, Total_hours__c, Hour_rate__c, Submitted__c, Taxes__c, Timesheet_Status__c FROM Timesheet__c
11:14:36.0 (13998612)|SOQL_EXECUTE_END|[4]|Rows:8
11:14:36.0 (14027280)|HEAP_ALLOCATE|[4]|Bytes:36
11:14:36.0 (14088931)|HEAP_ALLOCATE|[4]|Bytes:2701
11:14:36.0 (14121655)|HEAP_ALLOCATE|[4]|Bytes:36
11:14:36.0 (14141850)|SYSTEM_MODE_EXIT|false
11:14:36.14 (14170787)|CUMULATIVE_LIMIT_USAGE
11:14:36.14 (14170787)|LIMIT_USAGE_FOR_NS|(default)|
  Number of SOQL queries: 1 out of 100
  Number of query rows: 8 out of 50000
  Number of SOSL queries: 0 out of 20
  Number of DML statements: 0 out of 150
  Number of DML rows: 0 out of 10000
  Maximum CPU time: 0 out of 10000
  Maximum heap size: 0 out of 6000000
  Number of callouts: 0 out of 100
  Number of Email Invocations: 0 out of 10
  Number of future calls: 0 out of 50
  Number of queueable jobs added to the queue: 0 out of 50
  Number of Mobile Apex push calls: 0 out of 10

11:14:36.14 (14170787)|CUMULATIVE_LIMIT_USAGE_END

11:14:36.0 (14213227)|CODE_UNIT_FINISHED|TimesheetController.getAllTimesheets()
11:14:36.0 (14411761)|CODE_UNIT_FINISHED|Aura
11:14:36.0 (15500683)|EXECUTION_FINISHED
