44.0 APEX_CODE,FINEST;APEX_PROFILING,INFO;CALLOUT,INFO;DB,INFO;NBA,INFO;SYSTEM,DEBUG;VALIDATION,INFO;VISUALFORCE,INFO;WAVE,INFO;WORKFLOW,INFO
10:52:06.1 (1366901)|USER_INFO|[EXTERNAL]|0051U000000bEX2|lmoraes1@altimetrik.com|Hora de Argentina|GMT-03:00
10:52:06.1 (1444838)|EXECUTION_STARTED
10:52:06.1 (1453380)|CODE_UNIT_STARTED|[EXTERNAL]|Aura
10:52:06.1 (3674912)|CODE_UNIT_STARTED|[EXTERNAL]|01p1U000008bBod|TimesheetController.getAllTimesheets()
10:52:06.1 (3912055)|HEAP_ALLOCATE|[72]|Bytes:3
10:52:06.1 (3979054)|HEAP_ALLOCATE|[77]|Bytes:152
10:52:06.1 (3994918)|HEAP_ALLOCATE|[342]|Bytes:408
10:52:06.1 (4008629)|HEAP_ALLOCATE|[355]|Bytes:408
10:52:06.1 (4023062)|HEAP_ALLOCATE|[467]|Bytes:48
10:52:06.1 (4050687)|HEAP_ALLOCATE|[139]|Bytes:6
10:52:06.1 (4065035)|HEAP_ALLOCATE|[EXTERNAL]|Bytes:1
10:52:06.1 (4081317)|METHOD_ENTRY|[1]|01p1U000008bBod|TimesheetController.TimesheetController()
10:52:06.1 (4095284)|STATEMENT_EXECUTE|[1]
10:52:06.1 (4107807)|STATEMENT_EXECUTE|[1]
10:52:06.1 (4136444)|HEAP_ALLOCATE|[50]|Bytes:5
10:52:06.1 (4158006)|HEAP_ALLOCATE|[56]|Bytes:5
10:52:06.1 (4166867)|HEAP_ALLOCATE|[64]|Bytes:7
10:52:06.1 (4184165)|SYSTEM_MODE_ENTER|false
10:52:06.1 (4210063)|HEAP_ALLOCATE|[EXTERNAL]|Bytes:5
10:52:06.1 (4217814)|SYSTEM_MODE_EXIT|false
10:52:06.1 (4230686)|METHOD_EXIT|[1]|TimesheetController
10:52:06.1 (4238256)|SYSTEM_MODE_ENTER|false
10:52:06.1 (4253231)|HEAP_ALLOCATE|[4]|Bytes:5
10:52:06.1 (4258265)|STATEMENT_EXECUTE|[3]
10:52:06.1 (4260389)|STATEMENT_EXECUTE|[4]
10:52:06.1 (4268275)|HEAP_ALLOCATE|[4]|Bytes:141
10:52:06.1 (4299614)|HEAP_ALLOCATE|[4]|Bytes:4
10:52:06.1 (5937440)|SOQL_EXECUTE_BEGIN|[4]|Aggregations:0|SELECT id, Employee__c, Start_Date__c, End_Date__c, Gross_Pay__c, Hour_rate__c, Submitted__c, Taxes__c, Timesheet_Status__c FROM Timesheet__c
10:52:06.1 (19136108)|SOQL_EXECUTE_END|[4]|Rows:8
10:52:06.1 (19165448)|HEAP_ALLOCATE|[4]|Bytes:36
10:52:06.1 (19234354)|HEAP_ALLOCATE|[4]|Bytes:2269
10:52:06.1 (19284155)|HEAP_ALLOCATE|[4]|Bytes:36
10:52:06.1 (19310421)|SYSTEM_MODE_EXIT|false
10:52:06.19 (19339322)|CUMULATIVE_LIMIT_USAGE
10:52:06.19 (19339322)|LIMIT_USAGE_FOR_NS|(default)|
  Number of SOQL queries: 1 out of 100
  Number of query rows: 8 out of 50000
  Number of SOSL queries: 0 out of 20
  Number of DML statements: 0 out of 150
  Number of DML rows: 0 out of 10000
  Maximum CPU time: 0 out of 10000
  Maximum heap size: 0 out of 6000000
  Number of callouts: 0 out of 100
  Number of Email Invocations: 0 out of 10
  Number of future calls: 0 out of 50
  Number of queueable jobs added to the queue: 0 out of 50
  Number of Mobile Apex push calls: 0 out of 10

10:52:06.19 (19339322)|CUMULATIVE_LIMIT_USAGE_END

10:52:06.1 (19400561)|CODE_UNIT_FINISHED|TimesheetController.getAllTimesheets()
10:52:06.1 (19676458)|CODE_UNIT_FINISHED|Aura
10:52:06.1 (20773014)|EXECUTION_FINISHED
