44.0 APEX_CODE,FINEST;APEX_PROFILING,INFO;CALLOUT,INFO;DB,INFO;NBA,INFO;SYSTEM,DEBUG;VALIDATION,INFO;VISUALFORCE,INFO;WAVE,INFO;WORKFLOW,INFO
11:00:24.0 (117675)|USER_INFO|[EXTERNAL]|0051U000000bEX2|lmoraes1@altimetrik.com|Hora de Argentina|GMT-03:00
11:00:24.0 (186577)|EXECUTION_STARTED
11:00:24.0 (192294)|CODE_UNIT_STARTED|[EXTERNAL]|Aura
11:00:24.0 (1210758)|CODE_UNIT_STARTED|[EXTERNAL]|01p1U000008bBod|TimesheetController.getAllTimesheets()
11:00:24.0 (1415095)|HEAP_ALLOCATE|[72]|Bytes:3
11:00:24.0 (1474058)|HEAP_ALLOCATE|[77]|Bytes:152
11:00:24.0 (1490370)|HEAP_ALLOCATE|[342]|Bytes:408
11:00:24.0 (1504171)|HEAP_ALLOCATE|[355]|Bytes:408
11:00:24.0 (1515121)|HEAP_ALLOCATE|[467]|Bytes:48
11:00:24.0 (1544172)|HEAP_ALLOCATE|[139]|Bytes:6
11:00:24.0 (1606667)|HEAP_ALLOCATE|[EXTERNAL]|Bytes:1
11:00:24.0 (1625552)|METHOD_ENTRY|[1]|01p1U000008bBod|TimesheetController.TimesheetController()
11:00:24.0 (1638617)|STATEMENT_EXECUTE|[1]
11:00:24.0 (1646646)|STATEMENT_EXECUTE|[1]
11:00:24.0 (1702944)|HEAP_ALLOCATE|[50]|Bytes:5
11:00:24.0 (1724079)|HEAP_ALLOCATE|[56]|Bytes:5
11:00:24.0 (1733067)|HEAP_ALLOCATE|[64]|Bytes:7
11:00:24.0 (1753791)|SYSTEM_MODE_ENTER|false
11:00:24.0 (1769468)|HEAP_ALLOCATE|[EXTERNAL]|Bytes:5
11:00:24.0 (1777915)|SYSTEM_MODE_EXIT|false
11:00:24.0 (1790024)|METHOD_EXIT|[1]|TimesheetController
11:00:24.0 (1798748)|SYSTEM_MODE_ENTER|false
11:00:24.0 (1809502)|HEAP_ALLOCATE|[4]|Bytes:5
11:00:24.0 (1814187)|STATEMENT_EXECUTE|[3]
11:00:24.0 (1817889)|STATEMENT_EXECUTE|[4]
11:00:24.0 (1822652)|HEAP_ALLOCATE|[4]|Bytes:141
11:00:24.0 (1843279)|HEAP_ALLOCATE|[4]|Bytes:4
11:00:24.0 (2315079)|SOQL_EXECUTE_BEGIN|[4]|Aggregations:0|SELECT id, Employee__c, Start_Date__c, End_Date__c, Gross_Pay__c, Hour_rate__c, Submitted__c, Taxes__c, Timesheet_Status__c FROM Timesheet__c
11:00:24.0 (8169668)|SOQL_EXECUTE_END|[4]|Rows:8
11:00:24.0 (8198545)|HEAP_ALLOCATE|[4]|Bytes:36
11:00:24.0 (8255794)|HEAP_ALLOCATE|[4]|Bytes:2269
11:00:24.0 (8379507)|HEAP_ALLOCATE|[4]|Bytes:36
11:00:24.0 (8404334)|SYSTEM_MODE_EXIT|false
11:00:24.8 (8435265)|CUMULATIVE_LIMIT_USAGE
11:00:24.8 (8435265)|LIMIT_USAGE_FOR_NS|(default)|
  Number of SOQL queries: 1 out of 100
  Number of query rows: 8 out of 50000
  Number of SOSL queries: 0 out of 20
  Number of DML statements: 0 out of 150
  Number of DML rows: 0 out of 10000
  Maximum CPU time: 0 out of 10000
  Maximum heap size: 0 out of 6000000
  Number of callouts: 0 out of 100
  Number of Email Invocations: 0 out of 10
  Number of future calls: 0 out of 50
  Number of queueable jobs added to the queue: 0 out of 50
  Number of Mobile Apex push calls: 0 out of 10

11:00:24.8 (8435265)|CUMULATIVE_LIMIT_USAGE_END

11:00:24.0 (8488414)|CODE_UNIT_FINISHED|TimesheetController.getAllTimesheets()
11:00:24.0 (8742155)|CODE_UNIT_FINISHED|Aura
11:00:24.0 (9775272)|EXECUTION_FINISHED
