44.0 APEX_CODE,FINEST;APEX_PROFILING,INFO;CALLOUT,INFO;DB,INFO;NBA,INFO;SYSTEM,DEBUG;VALIDATION,INFO;VISUALFORCE,INFO;WAVE,INFO;WORKFLOW,INFO
11:16:19.0 (193236)|USER_INFO|[EXTERNAL]|0051U000000bEX2|lmoraes1@altimetrik.com|Hora de Argentina|GMT-03:00
11:16:19.0 (272236)|EXECUTION_STARTED
11:16:19.0 (280320)|CODE_UNIT_STARTED|[EXTERNAL]|Aura
11:16:19.0 (1574623)|CODE_UNIT_STARTED|[EXTERNAL]|01p1U000008bBod|TimesheetController.getAllTimesheets()
11:16:19.0 (1854389)|HEAP_ALLOCATE|[72]|Bytes:3
11:16:19.0 (1942135)|HEAP_ALLOCATE|[77]|Bytes:152
11:16:19.0 (1963927)|HEAP_ALLOCATE|[342]|Bytes:408
11:16:19.0 (1984775)|HEAP_ALLOCATE|[355]|Bytes:408
11:16:19.0 (2003899)|HEAP_ALLOCATE|[467]|Bytes:48
11:16:19.0 (2041921)|HEAP_ALLOCATE|[139]|Bytes:6
11:16:19.0 (2124123)|HEAP_ALLOCATE|[EXTERNAL]|Bytes:1
11:16:19.0 (2147457)|METHOD_ENTRY|[1]|01p1U000008bBod|TimesheetController.TimesheetController()
11:16:19.0 (2163820)|STATEMENT_EXECUTE|[1]
11:16:19.0 (2173197)|STATEMENT_EXECUTE|[1]
11:16:19.0 (2238190)|HEAP_ALLOCATE|[50]|Bytes:5
11:16:19.0 (2269195)|HEAP_ALLOCATE|[56]|Bytes:5
11:16:19.0 (2278575)|HEAP_ALLOCATE|[64]|Bytes:7
11:16:19.0 (2306368)|SYSTEM_MODE_ENTER|false
11:16:19.0 (2332684)|HEAP_ALLOCATE|[EXTERNAL]|Bytes:5
11:16:19.0 (2343846)|SYSTEM_MODE_EXIT|false
11:16:19.0 (2360618)|METHOD_EXIT|[1]|TimesheetController
11:16:19.0 (2371937)|SYSTEM_MODE_ENTER|false
11:16:19.0 (2389006)|HEAP_ALLOCATE|[4]|Bytes:5
11:16:19.0 (2395828)|STATEMENT_EXECUTE|[3]
11:16:19.0 (2401133)|STATEMENT_EXECUTE|[4]
11:16:19.0 (2405426)|HEAP_ALLOCATE|[4]|Bytes:157
11:16:19.0 (2435981)|HEAP_ALLOCATE|[4]|Bytes:4
11:16:19.0 (3301671)|SOQL_EXECUTE_BEGIN|[4]|Aggregations:0|SELECT id, Employee__c, Start_Date__c, End_Date__c, Gross_Pay__c, Total_hours__c, Hour_rate__c, Submitted__c, Taxes__c, Timesheet_Status__c FROM Timesheet__c
11:16:19.0 (10827738)|SOQL_EXECUTE_END|[4]|Rows:8
11:16:19.0 (10866842)|HEAP_ALLOCATE|[4]|Bytes:36
11:16:19.0 (10952759)|HEAP_ALLOCATE|[4]|Bytes:2701
11:16:19.0 (11119638)|HEAP_ALLOCATE|[4]|Bytes:36
11:16:19.0 (11154360)|SYSTEM_MODE_EXIT|false
11:16:19.11 (11199261)|CUMULATIVE_LIMIT_USAGE
11:16:19.11 (11199261)|LIMIT_USAGE_FOR_NS|(default)|
  Number of SOQL queries: 1 out of 100
  Number of query rows: 8 out of 50000
  Number of SOSL queries: 0 out of 20
  Number of DML statements: 0 out of 150
  Number of DML rows: 0 out of 10000
  Maximum CPU time: 0 out of 10000
  Maximum heap size: 0 out of 6000000
  Number of callouts: 0 out of 100
  Number of Email Invocations: 0 out of 10
  Number of future calls: 0 out of 50
  Number of queueable jobs added to the queue: 0 out of 50
  Number of Mobile Apex push calls: 0 out of 10

11:16:19.11 (11199261)|CUMULATIVE_LIMIT_USAGE_END

11:16:19.0 (11270770)|CODE_UNIT_FINISHED|TimesheetController.getAllTimesheets()
11:16:19.0 (11547154)|CODE_UNIT_FINISHED|Aura
11:16:19.0 (12802647)|EXECUTION_FINISHED
