44.0 APEX_CODE,FINEST;APEX_PROFILING,INFO;CALLOUT,INFO;DB,INFO;NBA,INFO;SYSTEM,DEBUG;VALIDATION,INFO;VISUALFORCE,INFO;WAVE,INFO;WORKFLOW,INFO
11:21:07.0 (565989)|USER_INFO|[EXTERNAL]|0051U000000bEX2|lmoraes1@altimetrik.com|Hora de Argentina|GMT-03:00
11:21:07.0 (636311)|EXECUTION_STARTED
11:21:07.0 (642552)|CODE_UNIT_STARTED|[EXTERNAL]|Aura
11:21:07.0 (2053895)|CODE_UNIT_STARTED|[EXTERNAL]|01p1U000008bBod|TimesheetController.getAllTimesheets()
11:21:07.0 (2424978)|HEAP_ALLOCATE|[72]|Bytes:3
11:21:07.0 (2483721)|HEAP_ALLOCATE|[77]|Bytes:152
11:21:07.0 (2499007)|HEAP_ALLOCATE|[342]|Bytes:408
11:21:07.0 (2512846)|HEAP_ALLOCATE|[355]|Bytes:408
11:21:07.0 (2524984)|HEAP_ALLOCATE|[467]|Bytes:48
11:21:07.0 (2553511)|HEAP_ALLOCATE|[139]|Bytes:6
11:21:07.0 (2623120)|HEAP_ALLOCATE|[EXTERNAL]|Bytes:1
11:21:07.0 (2639858)|METHOD_ENTRY|[1]|01p1U000008bBod|TimesheetController.TimesheetController()
11:21:07.0 (2652116)|STATEMENT_EXECUTE|[1]
11:21:07.0 (2664780)|STATEMENT_EXECUTE|[1]
11:21:07.0 (2714560)|HEAP_ALLOCATE|[50]|Bytes:5
11:21:07.0 (2733651)|HEAP_ALLOCATE|[56]|Bytes:5
11:21:07.0 (2740510)|HEAP_ALLOCATE|[64]|Bytes:7
11:21:07.0 (2760974)|SYSTEM_MODE_ENTER|false
11:21:07.0 (2779031)|HEAP_ALLOCATE|[EXTERNAL]|Bytes:5
11:21:07.0 (2787127)|SYSTEM_MODE_EXIT|false
11:21:07.0 (2798768)|METHOD_EXIT|[1]|TimesheetController
11:21:07.0 (2807168)|SYSTEM_MODE_ENTER|false
11:21:07.0 (2833708)|HEAP_ALLOCATE|[4]|Bytes:5
11:21:07.0 (2841082)|STATEMENT_EXECUTE|[3]
11:21:07.0 (2843230)|STATEMENT_EXECUTE|[4]
11:21:07.0 (2848724)|HEAP_ALLOCATE|[4]|Bytes:157
11:21:07.0 (2868702)|HEAP_ALLOCATE|[4]|Bytes:4
11:21:07.0 (4708818)|SOQL_EXECUTE_BEGIN|[4]|Aggregations:0|SELECT id, Employee__c, Start_Date__c, End_Date__c, Gross_Pay__c, Total_hours__c, Hour_rate__c, Submitted__c, Taxes__c, Timesheet_Status__c FROM Timesheet__c
11:21:07.0 (11713972)|SOQL_EXECUTE_END|[4]|Rows:8
11:21:07.0 (11742056)|HEAP_ALLOCATE|[4]|Bytes:36
11:21:07.0 (11804913)|HEAP_ALLOCATE|[4]|Bytes:2701
11:21:07.0 (11916993)|HEAP_ALLOCATE|[4]|Bytes:36
11:21:07.0 (11935815)|SYSTEM_MODE_EXIT|false
11:21:07.11 (11967706)|CUMULATIVE_LIMIT_USAGE
11:21:07.11 (11967706)|LIMIT_USAGE_FOR_NS|(default)|
  Number of SOQL queries: 1 out of 100
  Number of query rows: 8 out of 50000
  Number of SOSL queries: 0 out of 20
  Number of DML statements: 0 out of 150
  Number of DML rows: 0 out of 10000
  Maximum CPU time: 0 out of 10000
  Maximum heap size: 0 out of 6000000
  Number of callouts: 0 out of 100
  Number of Email Invocations: 0 out of 10
  Number of future calls: 0 out of 50
  Number of queueable jobs added to the queue: 0 out of 50
  Number of Mobile Apex push calls: 0 out of 10

11:21:07.11 (11967706)|CUMULATIVE_LIMIT_USAGE_END

11:21:07.0 (12026609)|CODE_UNIT_FINISHED|TimesheetController.getAllTimesheets()
11:21:07.0 (12335386)|CODE_UNIT_FINISHED|Aura
11:21:07.0 (13404097)|EXECUTION_FINISHED
