44.0 APEX_CODE,FINEST;APEX_PROFILING,INFO;CALLOUT,INFO;DB,INFO;NBA,INFO;SYSTEM,DEBUG;VALIDATION,INFO;VISUALFORCE,INFO;WAVE,INFO;WORKFLOW,INFO
16:12:18.0 (110873)|USER_INFO|[EXTERNAL]|0051U000000bEX2|lmoraes1@altimetrik.com|Argentine Time|GMT-03:00
16:12:18.0 (144744)|EXECUTION_STARTED
16:12:18.0 (149619)|CODE_UNIT_STARTED|[EXTERNAL]|Aura
16:12:18.0 (1143305)|CODE_UNIT_STARTED|[EXTERNAL]|01p1U000008bBod|TimesheetController.getRecentTimesheets()
16:12:18.0 (1324754)|HEAP_ALLOCATE|[72]|Bytes:3
16:12:18.0 (1380158)|HEAP_ALLOCATE|[77]|Bytes:152
16:12:18.0 (1394767)|HEAP_ALLOCATE|[342]|Bytes:408
16:12:18.0 (1406155)|HEAP_ALLOCATE|[355]|Bytes:408
16:12:18.0 (1417176)|HEAP_ALLOCATE|[467]|Bytes:48
16:12:18.0 (1442601)|HEAP_ALLOCATE|[139]|Bytes:6
16:12:18.0 (1506925)|HEAP_ALLOCATE|[EXTERNAL]|Bytes:4
16:12:18.0 (1519477)|METHOD_ENTRY|[1]|01p1U000008bBod|TimesheetController.TimesheetController()
16:12:18.0 (1525629)|STATEMENT_EXECUTE|[1]
16:12:18.0 (1534259)|STATEMENT_EXECUTE|[1]
16:12:18.0 (1561430)|HEAP_ALLOCATE|[50]|Bytes:5
16:12:18.0 (1583717)|HEAP_ALLOCATE|[56]|Bytes:5
16:12:18.0 (1590765)|HEAP_ALLOCATE|[64]|Bytes:7
16:12:18.0 (1616029)|SYSTEM_MODE_ENTER|false
16:12:18.0 (1632563)|HEAP_ALLOCATE|[EXTERNAL]|Bytes:5
16:12:18.0 (1640440)|SYSTEM_MODE_EXIT|false
16:12:18.0 (1649283)|METHOD_EXIT|[1]|TimesheetController
16:12:18.0 (1657262)|SYSTEM_MODE_ENTER|false
16:12:18.0 (1667849)|HEAP_ALLOCATE|[12]|Bytes:5
16:12:18.0 (1672218)|STATEMENT_EXECUTE|[10]
16:12:18.0 (1674504)|STATEMENT_EXECUTE|[12]
16:12:18.0 (1677961)|HEAP_ALLOCATE|[12]|Bytes:258
16:12:18.0 (1700299)|HEAP_ALLOCATE|[12]|Bytes:4
16:12:18.0 (2678203)|SOQL_EXECUTE_BEGIN|[12]|Aggregations:0|SELECT id, Employee__c, Employee__r.Name, Employee__r.Birthdate, Start_Date__c, End_Date__c, Gross_Pay__c, Type__c, Total_hours__c, Hour_rate__c, Submitted__c, Taxes__c, Timesheet_Status__c FROM Timesheet__c ORDER BY lastModifiedDate DESC NULLS FIRST LIMIT 4
16:12:18.0 (10048220)|SOQL_EXECUTE_END|[12]|Rows:4
16:12:18.0 (10084482)|HEAP_ALLOCATE|[12]|Bytes:20
16:12:18.0 (10147713)|HEAP_ALLOCATE|[12]|Bytes:1698
16:12:18.0 (10280873)|HEAP_ALLOCATE|[12]|Bytes:20
16:12:18.0 (10309335)|SYSTEM_MODE_EXIT|false
16:12:18.10 (10343558)|CUMULATIVE_LIMIT_USAGE
16:12:18.10 (10343558)|LIMIT_USAGE_FOR_NS|(default)|
  Number of SOQL queries: 1 out of 100
  Number of query rows: 4 out of 50000
  Number of SOSL queries: 0 out of 20
  Number of DML statements: 0 out of 150
  Number of DML rows: 0 out of 10000
  Maximum CPU time: 0 out of 10000
  Maximum heap size: 0 out of 6000000
  Number of callouts: 0 out of 100
  Number of Email Invocations: 0 out of 10
  Number of future calls: 0 out of 50
  Number of queueable jobs added to the queue: 0 out of 50
  Number of Mobile Apex push calls: 0 out of 10

16:12:18.10 (10343558)|CUMULATIVE_LIMIT_USAGE_END

16:12:18.0 (10373385)|CODE_UNIT_FINISHED|TimesheetController.getRecentTimesheets()
16:12:18.0 (10553104)|CODE_UNIT_FINISHED|Aura
16:12:18.0 (11552145)|EXECUTION_FINISHED
