44.0 APEX_CODE,FINEST;APEX_PROFILING,INFO;CALLOUT,INFO;DB,INFO;NBA,INFO;SYSTEM,DEBUG;VALIDATION,INFO;VISUALFORCE,INFO;WAVE,INFO;WORKFLOW,INFO
16:12:16.0 (134371)|USER_INFO|[EXTERNAL]|0051U000000bEX2|lmoraes1@altimetrik.com|Argentine Time|GMT-03:00
16:12:16.0 (198400)|EXECUTION_STARTED
16:12:16.0 (204634)|CODE_UNIT_STARTED|[EXTERNAL]|Aura
16:12:16.0 (1307809)|CODE_UNIT_STARTED|[EXTERNAL]|01p1U000008bBod|TimesheetController.getAllTimesheets()
16:12:16.0 (1531905)|HEAP_ALLOCATE|[72]|Bytes:3
16:12:16.0 (1605032)|HEAP_ALLOCATE|[77]|Bytes:152
16:12:16.0 (1625227)|HEAP_ALLOCATE|[342]|Bytes:408
16:12:16.0 (1643543)|HEAP_ALLOCATE|[355]|Bytes:408
16:12:16.0 (1661216)|HEAP_ALLOCATE|[467]|Bytes:48
16:12:16.0 (1695972)|HEAP_ALLOCATE|[139]|Bytes:6
16:12:16.0 (1775297)|HEAP_ALLOCATE|[EXTERNAL]|Bytes:4
16:12:16.0 (1788094)|METHOD_ENTRY|[1]|01p1U000008bBod|TimesheetController.TimesheetController()
16:12:16.0 (1796424)|STATEMENT_EXECUTE|[1]
16:12:16.0 (1804622)|STATEMENT_EXECUTE|[1]
16:12:16.0 (1838755)|HEAP_ALLOCATE|[50]|Bytes:5
16:12:16.0 (1869401)|HEAP_ALLOCATE|[56]|Bytes:5
16:12:16.0 (1881658)|HEAP_ALLOCATE|[64]|Bytes:7
16:12:16.0 (1909282)|SYSTEM_MODE_ENTER|false
16:12:16.0 (1928003)|HEAP_ALLOCATE|[EXTERNAL]|Bytes:5
16:12:16.0 (1940068)|SYSTEM_MODE_EXIT|false
16:12:16.0 (1951673)|METHOD_EXIT|[1]|TimesheetController
16:12:16.0 (1964251)|SYSTEM_MODE_ENTER|false
16:12:16.0 (1977094)|HEAP_ALLOCATE|[4]|Bytes:5
16:12:16.0 (1982517)|STATEMENT_EXECUTE|[3]
16:12:16.0 (1985510)|STATEMENT_EXECUTE|[4]
16:12:16.0 (1989871)|HEAP_ALLOCATE|[4]|Bytes:207
16:12:16.0 (2017246)|HEAP_ALLOCATE|[4]|Bytes:4
16:12:16.0 (3067499)|SOQL_EXECUTE_BEGIN|[4]|Aggregations:0|SELECT id, Employee__c, Employee__r.Name, Employee__r.Birthdate, Start_Date__c, End_Date__c, Gross_Pay__c, Type__c, Total_hours__c, Hour_rate__c, Submitted__c, Taxes__c, Timesheet_Status__c FROM Timesheet__c
16:12:16.0 (12188735)|SOQL_EXECUTE_END|[4]|Rows:9
16:12:16.0 (12235934)|HEAP_ALLOCATE|[4]|Bytes:40
16:12:16.0 (12345013)|HEAP_ALLOCATE|[4]|Bytes:3818
16:12:16.0 (12511401)|HEAP_ALLOCATE|[4]|Bytes:40
16:12:16.0 (12549430)|SYSTEM_MODE_EXIT|false
16:12:16.12 (12596708)|CUMULATIVE_LIMIT_USAGE
16:12:16.12 (12596708)|LIMIT_USAGE_FOR_NS|(default)|
  Number of SOQL queries: 1 out of 100
  Number of query rows: 9 out of 50000
  Number of SOSL queries: 0 out of 20
  Number of DML statements: 0 out of 150
  Number of DML rows: 0 out of 10000
  Maximum CPU time: 0 out of 10000
  Maximum heap size: 0 out of 6000000
  Number of callouts: 0 out of 100
  Number of Email Invocations: 0 out of 10
  Number of future calls: 0 out of 50
  Number of queueable jobs added to the queue: 0 out of 50
  Number of Mobile Apex push calls: 0 out of 10

16:12:16.12 (12596708)|CUMULATIVE_LIMIT_USAGE_END

16:12:16.0 (12643311)|CODE_UNIT_FINISHED|TimesheetController.getAllTimesheets()
16:12:16.0 (13016240)|CODE_UNIT_FINISHED|Aura
16:12:16.0 (14368691)|EXECUTION_FINISHED
