44.0 APEX_CODE,FINEST;APEX_PROFILING,INFO;CALLOUT,INFO;DB,INFO;NBA,INFO;SYSTEM,DEBUG;VALIDATION,INFO;VISUALFORCE,INFO;WAVE,INFO;WORKFLOW,INFO
15:48:38.0 (98277)|USER_INFO|[EXTERNAL]|0051U000000bEX2|lmoraes1@altimetrik.com|Argentine Time|GMT-03:00
15:48:38.0 (137914)|EXECUTION_STARTED
15:48:38.0 (142845)|CODE_UNIT_STARTED|[EXTERNAL]|Aura
15:48:38.0 (1223912)|CODE_UNIT_STARTED|[EXTERNAL]|01p1U000008bBod|TimesheetController.getRecentTimesheets()
15:48:38.0 (1540927)|HEAP_ALLOCATE|[72]|Bytes:3
15:48:38.0 (1594221)|HEAP_ALLOCATE|[77]|Bytes:152
15:48:38.0 (1607602)|HEAP_ALLOCATE|[342]|Bytes:408
15:48:38.0 (1619212)|HEAP_ALLOCATE|[355]|Bytes:408
15:48:38.0 (1630303)|HEAP_ALLOCATE|[467]|Bytes:48
15:48:38.0 (1654878)|HEAP_ALLOCATE|[139]|Bytes:6
15:48:38.0 (1668904)|HEAP_ALLOCATE|[EXTERNAL]|Bytes:4
15:48:38.0 (1680633)|METHOD_ENTRY|[1]|01p1U000008bBod|TimesheetController.TimesheetController()
15:48:38.0 (1688229)|STATEMENT_EXECUTE|[1]
15:48:38.0 (1697922)|STATEMENT_EXECUTE|[1]
15:48:38.0 (1722192)|HEAP_ALLOCATE|[50]|Bytes:5
15:48:38.0 (1741494)|HEAP_ALLOCATE|[56]|Bytes:5
15:48:38.0 (1748346)|HEAP_ALLOCATE|[64]|Bytes:7
15:48:38.0 (1762829)|SYSTEM_MODE_ENTER|false
15:48:38.0 (1775044)|HEAP_ALLOCATE|[EXTERNAL]|Bytes:5
15:48:38.0 (1782276)|SYSTEM_MODE_EXIT|false
15:48:38.0 (1790461)|METHOD_EXIT|[1]|TimesheetController
15:48:38.0 (1798375)|SYSTEM_MODE_ENTER|false
15:48:38.0 (1808405)|HEAP_ALLOCATE|[12]|Bytes:5
15:48:38.0 (1812326)|STATEMENT_EXECUTE|[10]
15:48:38.0 (1814676)|STATEMENT_EXECUTE|[12]
15:48:38.0 (1819039)|HEAP_ALLOCATE|[12]|Bytes:258
15:48:38.0 (1836115)|HEAP_ALLOCATE|[12]|Bytes:4
15:48:38.0 (2636136)|SOQL_EXECUTE_BEGIN|[12]|Aggregations:0|SELECT id, Employee__c, Employee__r.Name, Employee__r.Birthdate, Start_Date__c, End_Date__c, Gross_Pay__c, Type__c, Total_hours__c, Hour_rate__c, Submitted__c, Taxes__c, Timesheet_Status__c FROM Timesheet__c ORDER BY lastModifiedDate DESC NULLS FIRST LIMIT 4
15:48:38.0 (9547944)|SOQL_EXECUTE_END|[12]|Rows:4
15:48:38.0 (9582656)|HEAP_ALLOCATE|[12]|Bytes:20
15:48:38.0 (9642208)|HEAP_ALLOCATE|[12]|Bytes:1698
15:48:38.0 (9686654)|HEAP_ALLOCATE|[12]|Bytes:20
15:48:38.0 (9710114)|SYSTEM_MODE_EXIT|false
15:48:38.9 (9741561)|CUMULATIVE_LIMIT_USAGE
15:48:38.9 (9741561)|LIMIT_USAGE_FOR_NS|(default)|
  Number of SOQL queries: 1 out of 100
  Number of query rows: 4 out of 50000
  Number of SOSL queries: 0 out of 20
  Number of DML statements: 0 out of 150
  Number of DML rows: 0 out of 10000
  Maximum CPU time: 0 out of 10000
  Maximum heap size: 0 out of 6000000
  Number of callouts: 0 out of 100
  Number of Email Invocations: 0 out of 10
  Number of future calls: 0 out of 50
  Number of queueable jobs added to the queue: 0 out of 50
  Number of Mobile Apex push calls: 0 out of 10

15:48:38.9 (9741561)|CUMULATIVE_LIMIT_USAGE_END

15:48:38.0 (9770055)|CODE_UNIT_FINISHED|TimesheetController.getRecentTimesheets()
15:48:38.0 (9939986)|CODE_UNIT_FINISHED|Aura
15:48:38.0 (11772692)|EXECUTION_FINISHED
