44.0 APEX_CODE,FINEST;APEX_PROFILING,INFO;CALLOUT,INFO;DB,INFO;NBA,INFO;SYSTEM,DEBUG;VALIDATION,INFO;VISUALFORCE,INFO;WAVE,INFO;WORKFLOW,INFO
16:12:14.0 (98473)|USER_INFO|[EXTERNAL]|0051U000000bEX2|lmoraes1@altimetrik.com|Argentine Time|GMT-03:00
16:12:14.0 (136737)|EXECUTION_STARTED
16:12:14.0 (141771)|CODE_UNIT_STARTED|[EXTERNAL]|Aura
16:12:14.0 (1161323)|CODE_UNIT_STARTED|[EXTERNAL]|01p1U000008bBod|TimesheetController.getAllTimesheets()
16:12:14.0 (1328155)|HEAP_ALLOCATE|[72]|Bytes:3
16:12:14.0 (1383548)|HEAP_ALLOCATE|[77]|Bytes:152
16:12:14.0 (1397912)|HEAP_ALLOCATE|[342]|Bytes:408
16:12:14.0 (1409407)|HEAP_ALLOCATE|[355]|Bytes:408
16:12:14.0 (1421037)|HEAP_ALLOCATE|[467]|Bytes:48
16:12:14.0 (1445258)|HEAP_ALLOCATE|[139]|Bytes:6
16:12:14.0 (1511364)|HEAP_ALLOCATE|[EXTERNAL]|Bytes:4
16:12:14.0 (1520894)|METHOD_ENTRY|[1]|01p1U000008bBod|TimesheetController.TimesheetController()
16:12:14.0 (1527734)|STATEMENT_EXECUTE|[1]
16:12:14.0 (1534290)|STATEMENT_EXECUTE|[1]
16:12:14.0 (1561278)|HEAP_ALLOCATE|[50]|Bytes:5
16:12:14.0 (1584000)|HEAP_ALLOCATE|[56]|Bytes:5
16:12:14.0 (1590667)|HEAP_ALLOCATE|[64]|Bytes:7
16:12:14.0 (1608159)|SYSTEM_MODE_ENTER|false
16:12:14.0 (1624139)|HEAP_ALLOCATE|[EXTERNAL]|Bytes:5
16:12:14.0 (1632715)|SYSTEM_MODE_EXIT|false
16:12:14.0 (1643513)|METHOD_EXIT|[1]|TimesheetController
16:12:14.0 (1650572)|SYSTEM_MODE_ENTER|false
16:12:14.0 (1661038)|HEAP_ALLOCATE|[4]|Bytes:5
16:12:14.0 (1664883)|STATEMENT_EXECUTE|[3]
16:12:14.0 (1667165)|STATEMENT_EXECUTE|[4]
16:12:14.0 (1670797)|HEAP_ALLOCATE|[4]|Bytes:207
16:12:14.0 (1691563)|HEAP_ALLOCATE|[4]|Bytes:4
16:12:14.0 (2542595)|SOQL_EXECUTE_BEGIN|[4]|Aggregations:0|SELECT id, Employee__c, Employee__r.Name, Employee__r.Birthdate, Start_Date__c, End_Date__c, Gross_Pay__c, Type__c, Total_hours__c, Hour_rate__c, Submitted__c, Taxes__c, Timesheet_Status__c FROM Timesheet__c
16:12:14.0 (9671181)|SOQL_EXECUTE_END|[4]|Rows:9
16:12:14.0 (9703118)|HEAP_ALLOCATE|[4]|Bytes:40
16:12:14.0 (9792737)|HEAP_ALLOCATE|[4]|Bytes:3818
16:12:14.0 (9929061)|HEAP_ALLOCATE|[4]|Bytes:40
16:12:14.0 (9955041)|SYSTEM_MODE_EXIT|false
16:12:14.9 (9984552)|CUMULATIVE_LIMIT_USAGE
16:12:14.9 (9984552)|LIMIT_USAGE_FOR_NS|(default)|
  Number of SOQL queries: 1 out of 100
  Number of query rows: 9 out of 50000
  Number of SOSL queries: 0 out of 20
  Number of DML statements: 0 out of 150
  Number of DML rows: 0 out of 10000
  Maximum CPU time: 0 out of 10000
  Maximum heap size: 0 out of 6000000
  Number of callouts: 0 out of 100
  Number of Email Invocations: 0 out of 10
  Number of future calls: 0 out of 50
  Number of queueable jobs added to the queue: 0 out of 50
  Number of Mobile Apex push calls: 0 out of 10

16:12:14.9 (9984552)|CUMULATIVE_LIMIT_USAGE_END

16:12:14.0 (10015967)|CODE_UNIT_FINISHED|TimesheetController.getAllTimesheets()
16:12:14.0 (10288789)|CODE_UNIT_FINISHED|Aura
16:12:14.0 (11296760)|EXECUTION_FINISHED
