44.0 APEX_CODE,FINEST;APEX_PROFILING,INFO;CALLOUT,INFO;DB,INFO;NBA,INFO;SYSTEM,DEBUG;VALIDATION,INFO;VISUALFORCE,INFO;WAVE,INFO;WORKFLOW,INFO
15:48:36.0 (450086)|USER_INFO|[EXTERNAL]|0051U000000bEX2|lmoraes1@altimetrik.com|Argentine Time|GMT-03:00
15:48:36.0 (484675)|EXECUTION_STARTED
15:48:36.0 (489027)|CODE_UNIT_STARTED|[EXTERNAL]|Aura
15:48:36.0 (2251997)|CODE_UNIT_STARTED|[EXTERNAL]|01p1U000008bBod|TimesheetController.getAllTimesheets()
15:48:36.0 (2627154)|HEAP_ALLOCATE|[72]|Bytes:3
15:48:36.0 (2700031)|HEAP_ALLOCATE|[77]|Bytes:152
15:48:36.0 (2714540)|HEAP_ALLOCATE|[342]|Bytes:408
15:48:36.0 (2726581)|HEAP_ALLOCATE|[355]|Bytes:408
15:48:36.0 (2737683)|HEAP_ALLOCATE|[467]|Bytes:48
15:48:36.0 (2762040)|HEAP_ALLOCATE|[139]|Bytes:6
15:48:36.0 (2776161)|HEAP_ALLOCATE|[EXTERNAL]|Bytes:4
15:48:36.0 (2793367)|METHOD_ENTRY|[1]|01p1U000008bBod|TimesheetController.TimesheetController()
15:48:36.0 (2801792)|STATEMENT_EXECUTE|[1]
15:48:36.0 (2812449)|STATEMENT_EXECUTE|[1]
15:48:36.0 (2837063)|HEAP_ALLOCATE|[50]|Bytes:5
15:48:36.0 (2857037)|HEAP_ALLOCATE|[56]|Bytes:5
15:48:36.0 (2864607)|HEAP_ALLOCATE|[64]|Bytes:7
15:48:36.0 (2879839)|SYSTEM_MODE_ENTER|false
15:48:36.0 (2891533)|HEAP_ALLOCATE|[EXTERNAL]|Bytes:5
15:48:36.0 (2898521)|SYSTEM_MODE_EXIT|false
15:48:36.0 (2907036)|METHOD_EXIT|[1]|TimesheetController
15:48:36.0 (2916425)|SYSTEM_MODE_ENTER|false
15:48:36.0 (2926645)|HEAP_ALLOCATE|[4]|Bytes:5
15:48:36.0 (2930354)|STATEMENT_EXECUTE|[3]
15:48:36.0 (2932549)|STATEMENT_EXECUTE|[4]
15:48:36.0 (2935780)|HEAP_ALLOCATE|[4]|Bytes:207
15:48:36.0 (2952602)|HEAP_ALLOCATE|[4]|Bytes:4
15:48:36.0 (3708039)|SOQL_EXECUTE_BEGIN|[4]|Aggregations:0|SELECT id, Employee__c, Employee__r.Name, Employee__r.Birthdate, Start_Date__c, End_Date__c, Gross_Pay__c, Type__c, Total_hours__c, Hour_rate__c, Submitted__c, Taxes__c, Timesheet_Status__c FROM Timesheet__c
15:48:36.0 (11483299)|SOQL_EXECUTE_END|[4]|Rows:9
15:48:36.0 (11521991)|HEAP_ALLOCATE|[4]|Bytes:40
15:48:36.0 (11629633)|HEAP_ALLOCATE|[4]|Bytes:3818
15:48:36.0 (11682795)|HEAP_ALLOCATE|[4]|Bytes:40
15:48:36.0 (11710237)|SYSTEM_MODE_EXIT|false
15:48:36.11 (11743302)|CUMULATIVE_LIMIT_USAGE
15:48:36.11 (11743302)|LIMIT_USAGE_FOR_NS|(default)|
  Number of SOQL queries: 1 out of 100
  Number of query rows: 9 out of 50000
  Number of SOSL queries: 0 out of 20
  Number of DML statements: 0 out of 150
  Number of DML rows: 0 out of 10000
  Maximum CPU time: 0 out of 10000
  Maximum heap size: 0 out of 6000000
  Number of callouts: 0 out of 100
  Number of Email Invocations: 0 out of 10
  Number of future calls: 0 out of 50
  Number of queueable jobs added to the queue: 0 out of 50
  Number of Mobile Apex push calls: 0 out of 10

15:48:36.11 (11743302)|CUMULATIVE_LIMIT_USAGE_END

15:48:36.0 (11777954)|CODE_UNIT_FINISHED|TimesheetController.getAllTimesheets()
15:48:36.0 (12055626)|CODE_UNIT_FINISHED|Aura
15:48:36.0 (13240243)|EXECUTION_FINISHED
