44.0 APEX_CODE,FINEST;APEX_PROFILING,INFO;CALLOUT,INFO;DB,INFO;NBA,INFO;SYSTEM,DEBUG;VALIDATION,INFO;VISUALFORCE,INFO;WAVE,INFO;WORKFLOW,INFO
16:12:10.0 (89906)|USER_INFO|[EXTERNAL]|0051U000000bEX2|lmoraes1@altimetrik.com|Argentine Time|GMT-03:00
16:12:10.0 (120401)|EXECUTION_STARTED
16:12:10.0 (124925)|CODE_UNIT_STARTED|[EXTERNAL]|Aura
16:12:10.0 (1086698)|CODE_UNIT_STARTED|[EXTERNAL]|01p1U000008bBod|TimesheetController.getAllTimesheets()
16:12:10.0 (1232260)|HEAP_ALLOCATE|[72]|Bytes:3
16:12:10.0 (1276257)|HEAP_ALLOCATE|[77]|Bytes:152
16:12:10.0 (1289633)|HEAP_ALLOCATE|[342]|Bytes:408
16:12:10.0 (1301989)|HEAP_ALLOCATE|[355]|Bytes:408
16:12:10.0 (1313604)|HEAP_ALLOCATE|[467]|Bytes:48
16:12:10.0 (1338574)|HEAP_ALLOCATE|[139]|Bytes:6
16:12:10.0 (1393267)|HEAP_ALLOCATE|[EXTERNAL]|Bytes:4
16:12:10.0 (1409423)|METHOD_ENTRY|[1]|01p1U000008bBod|TimesheetController.TimesheetController()
16:12:10.0 (1415377)|STATEMENT_EXECUTE|[1]
16:12:10.0 (1421464)|STATEMENT_EXECUTE|[1]
16:12:10.0 (1444762)|HEAP_ALLOCATE|[50]|Bytes:5
16:12:10.0 (1464422)|HEAP_ALLOCATE|[56]|Bytes:5
16:12:10.0 (1471560)|HEAP_ALLOCATE|[64]|Bytes:7
16:12:10.0 (1485455)|SYSTEM_MODE_ENTER|false
16:12:10.0 (1496280)|HEAP_ALLOCATE|[EXTERNAL]|Bytes:5
16:12:10.0 (1502141)|SYSTEM_MODE_EXIT|false
16:12:10.0 (1509741)|METHOD_EXIT|[1]|TimesheetController
16:12:10.0 (1520825)|SYSTEM_MODE_ENTER|false
16:12:10.0 (1530544)|HEAP_ALLOCATE|[4]|Bytes:5
16:12:10.0 (1534193)|STATEMENT_EXECUTE|[3]
16:12:10.0 (1536523)|STATEMENT_EXECUTE|[4]
16:12:10.0 (1540146)|HEAP_ALLOCATE|[4]|Bytes:207
16:12:10.0 (1556730)|HEAP_ALLOCATE|[4]|Bytes:4
16:12:10.0 (2306751)|SOQL_EXECUTE_BEGIN|[4]|Aggregations:0|SELECT id, Employee__c, Employee__r.Name, Employee__r.Birthdate, Start_Date__c, End_Date__c, Gross_Pay__c, Type__c, Total_hours__c, Hour_rate__c, Submitted__c, Taxes__c, Timesheet_Status__c FROM Timesheet__c
16:12:10.0 (9608942)|SOQL_EXECUTE_END|[4]|Rows:9
16:12:10.0 (9636671)|HEAP_ALLOCATE|[4]|Bytes:40
16:12:10.0 (9719634)|HEAP_ALLOCATE|[4]|Bytes:3818
16:12:10.0 (9823642)|HEAP_ALLOCATE|[4]|Bytes:40
16:12:10.0 (9842319)|SYSTEM_MODE_EXIT|false
16:12:10.9 (9870249)|CUMULATIVE_LIMIT_USAGE
16:12:10.9 (9870249)|LIMIT_USAGE_FOR_NS|(default)|
  Number of SOQL queries: 1 out of 100
  Number of query rows: 9 out of 50000
  Number of SOSL queries: 0 out of 20
  Number of DML statements: 0 out of 150
  Number of DML rows: 0 out of 10000
  Maximum CPU time: 0 out of 10000
  Maximum heap size: 0 out of 6000000
  Number of callouts: 0 out of 100
  Number of Email Invocations: 0 out of 10
  Number of future calls: 0 out of 50
  Number of queueable jobs added to the queue: 0 out of 50
  Number of Mobile Apex push calls: 0 out of 10

16:12:10.9 (9870249)|CUMULATIVE_LIMIT_USAGE_END

16:12:10.0 (9898525)|CODE_UNIT_FINISHED|TimesheetController.getAllTimesheets()
16:12:10.0 (10156026)|CODE_UNIT_FINISHED|Aura
16:12:10.0 (11136245)|EXECUTION_FINISHED
