44.0 APEX_CODE,FINEST;APEX_PROFILING,INFO;CALLOUT,INFO;DB,INFO;NBA,INFO;SYSTEM,DEBUG;VALIDATION,INFO;VISUALFORCE,INFO;WAVE,INFO;WORKFLOW,INFO
14:19:46.10 (10302292)|USER_INFO|[EXTERNAL]|0051U000000bEX2|lmoraes1@altimetrik.com|Argentine Time|GMT-03:00
14:19:46.10 (10339898)|EXECUTION_STARTED
14:19:46.10 (10345224)|CODE_UNIT_STARTED|[EXTERNAL]|Aura
14:19:46.10 (12172632)|CODE_UNIT_STARTED|[EXTERNAL]|01p1U000008bBod|TimesheetController.getAllTimesheets()
14:19:46.10 (12691426)|HEAP_ALLOCATE|[72]|Bytes:3
14:19:46.10 (12772344)|HEAP_ALLOCATE|[77]|Bytes:152
14:19:46.10 (12793233)|HEAP_ALLOCATE|[342]|Bytes:408
14:19:46.10 (12813239)|HEAP_ALLOCATE|[355]|Bytes:408
14:19:46.10 (12836643)|HEAP_ALLOCATE|[467]|Bytes:48
14:19:46.10 (12886114)|HEAP_ALLOCATE|[139]|Bytes:6
14:19:46.10 (12908946)|HEAP_ALLOCATE|[EXTERNAL]|Bytes:4
14:19:46.10 (12933784)|METHOD_ENTRY|[1]|01p1U000008bBod|TimesheetController.TimesheetController()
14:19:46.10 (12943343)|STATEMENT_EXECUTE|[1]
14:19:46.10 (12951593)|STATEMENT_EXECUTE|[1]
14:19:46.10 (12983460)|HEAP_ALLOCATE|[50]|Bytes:5
14:19:46.10 (13016273)|HEAP_ALLOCATE|[56]|Bytes:5
14:19:46.10 (13036618)|HEAP_ALLOCATE|[64]|Bytes:7
14:19:46.10 (13060548)|SYSTEM_MODE_ENTER|false
14:19:46.10 (13078810)|HEAP_ALLOCATE|[EXTERNAL]|Bytes:5
14:19:46.10 (13089121)|SYSTEM_MODE_EXIT|false
14:19:46.10 (13101648)|METHOD_EXIT|[1]|TimesheetController
14:19:46.10 (13111927)|SYSTEM_MODE_ENTER|false
14:19:46.10 (13125204)|HEAP_ALLOCATE|[4]|Bytes:5
14:19:46.10 (13131344)|STATEMENT_EXECUTE|[3]
14:19:46.10 (13134451)|STATEMENT_EXECUTE|[4]
14:19:46.10 (13138820)|HEAP_ALLOCATE|[4]|Bytes:207
14:19:46.10 (13163802)|HEAP_ALLOCATE|[4]|Bytes:4
14:19:46.10 (15790710)|SOQL_EXECUTE_BEGIN|[4]|Aggregations:0|SELECT id, Employee__c, Employee__r.Name, Employee__r.Birthdate, Start_Date__c, End_Date__c, Gross_Pay__c, Type__c, Total_hours__c, Hour_rate__c, Submitted__c, Taxes__c, Timesheet_Status__c FROM Timesheet__c
14:19:46.10 (31716955)|SOQL_EXECUTE_END|[4]|Rows:9
14:19:46.10 (31761370)|HEAP_ALLOCATE|[4]|Bytes:40
14:19:46.10 (31871303)|HEAP_ALLOCATE|[4]|Bytes:3818
14:19:46.10 (31931593)|HEAP_ALLOCATE|[4]|Bytes:40
14:19:46.10 (31967575)|SYSTEM_MODE_EXIT|false
14:19:46.32 (32007593)|CUMULATIVE_LIMIT_USAGE
14:19:46.32 (32007593)|LIMIT_USAGE_FOR_NS|(default)|
  Number of SOQL queries: 1 out of 100
  Number of query rows: 9 out of 50000
  Number of SOSL queries: 0 out of 20
  Number of DML statements: 0 out of 150
  Number of DML rows: 0 out of 10000
  Maximum CPU time: 0 out of 10000
  Maximum heap size: 0 out of 6000000
  Number of callouts: 0 out of 100
  Number of Email Invocations: 0 out of 10
  Number of future calls: 0 out of 50
  Number of queueable jobs added to the queue: 0 out of 50
  Number of Mobile Apex push calls: 0 out of 10

14:19:46.32 (32007593)|CUMULATIVE_LIMIT_USAGE_END

14:19:46.10 (32046849)|CODE_UNIT_FINISHED|TimesheetController.getAllTimesheets()
14:19:46.10 (32435927)|CODE_UNIT_FINISHED|Aura
14:19:46.10 (33652424)|EXECUTION_FINISHED
