44.0 APEX_CODE,FINEST;APEX_PROFILING,INFO;CALLOUT,INFO;DB,INFO;NBA,INFO;SYSTEM,DEBUG;VALIDATION,INFO;VISUALFORCE,INFO;WAVE,INFO;WORKFLOW,INFO
16:12:12.0 (95119)|USER_INFO|[EXTERNAL]|0051U000000bEX2|lmoraes1@altimetrik.com|Argentine Time|GMT-03:00
16:12:12.0 (131229)|EXECUTION_STARTED
16:12:12.0 (136176)|CODE_UNIT_STARTED|[EXTERNAL]|Aura
16:12:12.0 (1072193)|CODE_UNIT_STARTED|[EXTERNAL]|01p1U000008bBod|TimesheetController.getRecentTimesheets()
16:12:12.0 (1424454)|HEAP_ALLOCATE|[72]|Bytes:3
16:12:12.0 (1479646)|HEAP_ALLOCATE|[77]|Bytes:152
16:12:12.0 (1493079)|HEAP_ALLOCATE|[342]|Bytes:408
16:12:12.0 (1504443)|HEAP_ALLOCATE|[355]|Bytes:408
16:12:12.0 (1515565)|HEAP_ALLOCATE|[467]|Bytes:48
16:12:12.0 (1540632)|HEAP_ALLOCATE|[139]|Bytes:6
16:12:12.0 (1556717)|HEAP_ALLOCATE|[EXTERNAL]|Bytes:4
16:12:12.0 (1566383)|METHOD_ENTRY|[1]|01p1U000008bBod|TimesheetController.TimesheetController()
16:12:12.0 (1572176)|STATEMENT_EXECUTE|[1]
16:12:12.0 (1578821)|STATEMENT_EXECUTE|[1]
16:12:12.0 (1604878)|HEAP_ALLOCATE|[50]|Bytes:5
16:12:12.0 (1627159)|HEAP_ALLOCATE|[56]|Bytes:5
16:12:12.0 (1633942)|HEAP_ALLOCATE|[64]|Bytes:7
16:12:12.0 (1649024)|SYSTEM_MODE_ENTER|false
16:12:12.0 (1663420)|HEAP_ALLOCATE|[EXTERNAL]|Bytes:5
16:12:12.0 (1670193)|SYSTEM_MODE_EXIT|false
16:12:12.0 (1678733)|METHOD_EXIT|[1]|TimesheetController
16:12:12.0 (1686165)|SYSTEM_MODE_ENTER|false
16:12:12.0 (1697478)|HEAP_ALLOCATE|[12]|Bytes:5
16:12:12.0 (1701192)|STATEMENT_EXECUTE|[10]
16:12:12.0 (1703647)|STATEMENT_EXECUTE|[12]
16:12:12.0 (1707296)|HEAP_ALLOCATE|[12]|Bytes:258
16:12:12.0 (1724814)|HEAP_ALLOCATE|[12]|Bytes:4
16:12:12.0 (2567211)|SOQL_EXECUTE_BEGIN|[12]|Aggregations:0|SELECT id, Employee__c, Employee__r.Name, Employee__r.Birthdate, Start_Date__c, End_Date__c, Gross_Pay__c, Type__c, Total_hours__c, Hour_rate__c, Submitted__c, Taxes__c, Timesheet_Status__c FROM Timesheet__c ORDER BY lastModifiedDate DESC NULLS FIRST LIMIT 4
16:12:12.0 (9997398)|SOQL_EXECUTE_END|[12]|Rows:4
16:12:12.0 (10026132)|HEAP_ALLOCATE|[12]|Bytes:20
16:12:12.0 (10079642)|HEAP_ALLOCATE|[12]|Bytes:1698
16:12:12.0 (10124595)|HEAP_ALLOCATE|[12]|Bytes:20
16:12:12.0 (10148212)|SYSTEM_MODE_EXIT|false
16:12:12.10 (10180609)|CUMULATIVE_LIMIT_USAGE
16:12:12.10 (10180609)|LIMIT_USAGE_FOR_NS|(default)|
  Number of SOQL queries: 1 out of 100
  Number of query rows: 4 out of 50000
  Number of SOSL queries: 0 out of 20
  Number of DML statements: 0 out of 150
  Number of DML rows: 0 out of 10000
  Maximum CPU time: 0 out of 10000
  Maximum heap size: 0 out of 6000000
  Number of callouts: 0 out of 100
  Number of Email Invocations: 0 out of 10
  Number of future calls: 0 out of 50
  Number of queueable jobs added to the queue: 0 out of 50
  Number of Mobile Apex push calls: 0 out of 10

16:12:12.10 (10180609)|CUMULATIVE_LIMIT_USAGE_END

16:12:12.0 (10209933)|CODE_UNIT_FINISHED|TimesheetController.getRecentTimesheets()
16:12:12.0 (10392171)|CODE_UNIT_FINISHED|Aura
16:12:12.0 (11363080)|EXECUTION_FINISHED
