44.0 APEX_CODE,FINEST;APEX_PROFILING,INFO;CALLOUT,INFO;DB,INFO;NBA,INFO;SYSTEM,DEBUG;VALIDATION,INFO;VISUALFORCE,INFO;WAVE,INFO;WORKFLOW,INFO
15:48:40.0 (97437)|USER_INFO|[EXTERNAL]|0051U000000bEX2|lmoraes1@altimetrik.com|Argentine Time|GMT-03:00
15:48:40.0 (132380)|EXECUTION_STARTED
15:48:40.0 (137767)|CODE_UNIT_STARTED|[EXTERNAL]|Aura
15:48:40.0 (1070679)|CODE_UNIT_STARTED|[EXTERNAL]|01p1U000008bBod|TimesheetController.getAllTimesheets()
15:48:40.0 (1235361)|HEAP_ALLOCATE|[72]|Bytes:3
15:48:40.0 (1285984)|HEAP_ALLOCATE|[77]|Bytes:152
15:48:40.0 (1300025)|HEAP_ALLOCATE|[342]|Bytes:408
15:48:40.0 (1312166)|HEAP_ALLOCATE|[355]|Bytes:408
15:48:40.0 (1323235)|HEAP_ALLOCATE|[467]|Bytes:48
15:48:40.0 (1348687)|HEAP_ALLOCATE|[139]|Bytes:6
15:48:40.0 (1415909)|HEAP_ALLOCATE|[EXTERNAL]|Bytes:4
15:48:40.0 (1426235)|METHOD_ENTRY|[1]|01p1U000008bBod|TimesheetController.TimesheetController()
15:48:40.0 (1433244)|STATEMENT_EXECUTE|[1]
15:48:40.0 (1439801)|STATEMENT_EXECUTE|[1]
15:48:40.0 (1464884)|HEAP_ALLOCATE|[50]|Bytes:5
15:48:40.0 (1486138)|HEAP_ALLOCATE|[56]|Bytes:5
15:48:40.0 (1493620)|HEAP_ALLOCATE|[64]|Bytes:7
15:48:40.0 (1509974)|SYSTEM_MODE_ENTER|false
15:48:40.0 (1522877)|HEAP_ALLOCATE|[EXTERNAL]|Bytes:5
15:48:40.0 (1529010)|SYSTEM_MODE_EXIT|false
15:48:40.0 (1537856)|METHOD_EXIT|[1]|TimesheetController
15:48:40.0 (1545433)|SYSTEM_MODE_ENTER|false
15:48:40.0 (1555792)|HEAP_ALLOCATE|[4]|Bytes:5
15:48:40.0 (1559458)|STATEMENT_EXECUTE|[3]
15:48:40.0 (1561711)|STATEMENT_EXECUTE|[4]
15:48:40.0 (1567392)|HEAP_ALLOCATE|[4]|Bytes:207
15:48:40.0 (1586332)|HEAP_ALLOCATE|[4]|Bytes:4
15:48:40.0 (2564137)|SOQL_EXECUTE_BEGIN|[4]|Aggregations:0|SELECT id, Employee__c, Employee__r.Name, Employee__r.Birthdate, Start_Date__c, End_Date__c, Gross_Pay__c, Type__c, Total_hours__c, Hour_rate__c, Submitted__c, Taxes__c, Timesheet_Status__c FROM Timesheet__c
15:48:40.0 (10289508)|SOQL_EXECUTE_END|[4]|Rows:9
15:48:40.0 (10322219)|HEAP_ALLOCATE|[4]|Bytes:40
15:48:40.0 (10427904)|HEAP_ALLOCATE|[4]|Bytes:3818
15:48:40.0 (10539889)|HEAP_ALLOCATE|[4]|Bytes:40
15:48:40.0 (10562339)|SYSTEM_MODE_EXIT|false
15:48:40.10 (10597971)|CUMULATIVE_LIMIT_USAGE
15:48:40.10 (10597971)|LIMIT_USAGE_FOR_NS|(default)|
  Number of SOQL queries: 1 out of 100
  Number of query rows: 9 out of 50000
  Number of SOSL queries: 0 out of 20
  Number of DML statements: 0 out of 150
  Number of DML rows: 0 out of 10000
  Maximum CPU time: 0 out of 10000
  Maximum heap size: 0 out of 6000000
  Number of callouts: 0 out of 100
  Number of Email Invocations: 0 out of 10
  Number of future calls: 0 out of 50
  Number of queueable jobs added to the queue: 0 out of 50
  Number of Mobile Apex push calls: 0 out of 10

15:48:40.10 (10597971)|CUMULATIVE_LIMIT_USAGE_END

15:48:40.0 (10626684)|CODE_UNIT_FINISHED|TimesheetController.getAllTimesheets()
15:48:40.0 (10899175)|CODE_UNIT_FINISHED|Aura
15:48:40.0 (12038974)|EXECUTION_FINISHED
