44.0 APEX_CODE,FINEST;APEX_PROFILING,INFO;CALLOUT,INFO;DB,INFO;NBA,INFO;SYSTEM,DEBUG;VALIDATION,INFO;VISUALFORCE,INFO;WAVE,INFO;WORKFLOW,INFO
16:12:28.0 (100035)|USER_INFO|[EXTERNAL]|0051U000000bEX2|lmoraes1@altimetrik.com|Argentine Time|GMT-03:00
16:12:28.0 (131703)|EXECUTION_STARTED
16:12:28.0 (136785)|CODE_UNIT_STARTED|[EXTERNAL]|Aura
16:12:28.0 (1093775)|CODE_UNIT_STARTED|[EXTERNAL]|01p1U000008bBod|TimesheetController.getAllTimesheets()
16:12:28.0 (1287576)|HEAP_ALLOCATE|[72]|Bytes:3
16:12:28.0 (1343740)|HEAP_ALLOCATE|[77]|Bytes:152
16:12:28.0 (1357772)|HEAP_ALLOCATE|[342]|Bytes:408
16:12:28.0 (1369421)|HEAP_ALLOCATE|[355]|Bytes:408
16:12:28.0 (1380134)|HEAP_ALLOCATE|[467]|Bytes:48
16:12:28.0 (1405094)|HEAP_ALLOCATE|[139]|Bytes:6
16:12:28.0 (1466064)|HEAP_ALLOCATE|[EXTERNAL]|Bytes:4
16:12:28.0 (1476056)|METHOD_ENTRY|[1]|01p1U000008bBod|TimesheetController.TimesheetController()
16:12:28.0 (1483196)|STATEMENT_EXECUTE|[1]
16:12:28.0 (1494854)|STATEMENT_EXECUTE|[1]
16:12:28.0 (1528440)|HEAP_ALLOCATE|[50]|Bytes:5
16:12:28.0 (1552473)|HEAP_ALLOCATE|[56]|Bytes:5
16:12:28.0 (1559137)|HEAP_ALLOCATE|[64]|Bytes:7
16:12:28.0 (1575481)|SYSTEM_MODE_ENTER|false
16:12:28.0 (1589991)|HEAP_ALLOCATE|[EXTERNAL]|Bytes:5
16:12:28.0 (1596594)|SYSTEM_MODE_EXIT|false
16:12:28.0 (1605124)|METHOD_EXIT|[1]|TimesheetController
16:12:28.0 (1612662)|SYSTEM_MODE_ENTER|false
16:12:28.0 (1622810)|HEAP_ALLOCATE|[4]|Bytes:5
16:12:28.0 (1626515)|STATEMENT_EXECUTE|[3]
16:12:28.0 (1628834)|STATEMENT_EXECUTE|[4]
16:12:28.0 (1632111)|HEAP_ALLOCATE|[4]|Bytes:207
16:12:28.0 (1652542)|HEAP_ALLOCATE|[4]|Bytes:4
16:12:28.0 (2435819)|SOQL_EXECUTE_BEGIN|[4]|Aggregations:0|SELECT id, Employee__c, Employee__r.Name, Employee__r.Birthdate, Start_Date__c, End_Date__c, Gross_Pay__c, Type__c, Total_hours__c, Hour_rate__c, Submitted__c, Taxes__c, Timesheet_Status__c FROM Timesheet__c
16:12:28.0 (9727218)|SOQL_EXECUTE_END|[4]|Rows:9
16:12:28.0 (9756610)|HEAP_ALLOCATE|[4]|Bytes:40
16:12:28.0 (9860651)|HEAP_ALLOCATE|[4]|Bytes:3818
16:12:28.0 (9987875)|HEAP_ALLOCATE|[4]|Bytes:40
16:12:28.0 (10013732)|SYSTEM_MODE_EXIT|false
16:12:28.10 (10045755)|CUMULATIVE_LIMIT_USAGE
16:12:28.10 (10045755)|LIMIT_USAGE_FOR_NS|(default)|
  Number of SOQL queries: 1 out of 100
  Number of query rows: 9 out of 50000
  Number of SOSL queries: 0 out of 20
  Number of DML statements: 0 out of 150
  Number of DML rows: 0 out of 10000
  Maximum CPU time: 0 out of 10000
  Maximum heap size: 0 out of 6000000
  Number of callouts: 0 out of 100
  Number of Email Invocations: 0 out of 10
  Number of future calls: 0 out of 50
  Number of queueable jobs added to the queue: 0 out of 50
  Number of Mobile Apex push calls: 0 out of 10

16:12:28.10 (10045755)|CUMULATIVE_LIMIT_USAGE_END

16:12:28.0 (10097040)|CODE_UNIT_FINISHED|TimesheetController.getAllTimesheets()
16:12:28.0 (10399752)|CODE_UNIT_FINISHED|Aura
16:12:28.0 (11390610)|EXECUTION_FINISHED
