44.0 APEX_CODE,FINEST;APEX_PROFILING,INFO;CALLOUT,INFO;DB,INFO;NBA,INFO;SYSTEM,DEBUG;VALIDATION,INFO;VISUALFORCE,INFO;WAVE,INFO;WORKFLOW,INFO
16:12:08.0 (353239)|USER_INFO|[EXTERNAL]|0051U000000bEX2|lmoraes1@altimetrik.com|Argentine Time|GMT-03:00
16:12:08.0 (388288)|EXECUTION_STARTED
16:12:08.0 (393669)|CODE_UNIT_STARTED|[EXTERNAL]|Aura
16:12:08.0 (1892387)|CODE_UNIT_STARTED|[EXTERNAL]|01p1U000008bBod|TimesheetController.getAllTimesheets()
16:12:08.0 (2275980)|HEAP_ALLOCATE|[72]|Bytes:3
16:12:08.0 (2342224)|HEAP_ALLOCATE|[77]|Bytes:152
16:12:08.0 (2356880)|HEAP_ALLOCATE|[342]|Bytes:408
16:12:08.0 (2368788)|HEAP_ALLOCATE|[355]|Bytes:408
16:12:08.0 (2380770)|HEAP_ALLOCATE|[467]|Bytes:48
16:12:08.0 (2405093)|HEAP_ALLOCATE|[139]|Bytes:6
16:12:08.0 (2419762)|HEAP_ALLOCATE|[EXTERNAL]|Bytes:4
16:12:08.0 (2436754)|METHOD_ENTRY|[1]|01p1U000008bBod|TimesheetController.TimesheetController()
16:12:08.0 (2444756)|STATEMENT_EXECUTE|[1]
16:12:08.0 (2454016)|STATEMENT_EXECUTE|[1]
16:12:08.0 (2480534)|HEAP_ALLOCATE|[50]|Bytes:5
16:12:08.0 (2504115)|HEAP_ALLOCATE|[56]|Bytes:5
16:12:08.0 (2510996)|HEAP_ALLOCATE|[64]|Bytes:7
16:12:08.0 (2529004)|SYSTEM_MODE_ENTER|false
16:12:08.0 (2556643)|HEAP_ALLOCATE|[EXTERNAL]|Bytes:5
16:12:08.0 (2565586)|SYSTEM_MODE_EXIT|false
16:12:08.0 (2573891)|METHOD_EXIT|[1]|TimesheetController
16:12:08.0 (2582901)|SYSTEM_MODE_ENTER|false
16:12:08.0 (2593178)|HEAP_ALLOCATE|[4]|Bytes:5
16:12:08.0 (2597150)|STATEMENT_EXECUTE|[3]
16:12:08.0 (2599608)|STATEMENT_EXECUTE|[4]
16:12:08.0 (2604861)|HEAP_ALLOCATE|[4]|Bytes:207
16:12:08.0 (2624433)|HEAP_ALLOCATE|[4]|Bytes:4
16:12:08.0 (5549293)|SOQL_EXECUTE_BEGIN|[4]|Aggregations:0|SELECT id, Employee__c, Employee__r.Name, Employee__r.Birthdate, Start_Date__c, End_Date__c, Gross_Pay__c, Type__c, Total_hours__c, Hour_rate__c, Submitted__c, Taxes__c, Timesheet_Status__c FROM Timesheet__c
16:12:08.0 (14642997)|SOQL_EXECUTE_END|[4]|Rows:9
16:12:08.0 (14676114)|HEAP_ALLOCATE|[4]|Bytes:40
16:12:08.0 (14769131)|HEAP_ALLOCATE|[4]|Bytes:3818
16:12:08.0 (14822500)|HEAP_ALLOCATE|[4]|Bytes:40
16:12:08.0 (14849156)|SYSTEM_MODE_EXIT|false
16:12:08.14 (14882463)|CUMULATIVE_LIMIT_USAGE
16:12:08.14 (14882463)|LIMIT_USAGE_FOR_NS|(default)|
  Number of SOQL queries: 1 out of 100
  Number of query rows: 9 out of 50000
  Number of SOSL queries: 0 out of 20
  Number of DML statements: 0 out of 150
  Number of DML rows: 0 out of 10000
  Maximum CPU time: 0 out of 10000
  Maximum heap size: 0 out of 6000000
  Number of callouts: 0 out of 100
  Number of Email Invocations: 0 out of 10
  Number of future calls: 0 out of 50
  Number of queueable jobs added to the queue: 0 out of 50
  Number of Mobile Apex push calls: 0 out of 10

16:12:08.14 (14882463)|CUMULATIVE_LIMIT_USAGE_END

16:12:08.0 (14922354)|CODE_UNIT_FINISHED|TimesheetController.getAllTimesheets()
16:12:08.0 (15192116)|CODE_UNIT_FINISHED|Aura
16:12:08.0 (16357146)|EXECUTION_FINISHED
